23-5-2025, 10:04:26node: debug 1
msg.payload : string[317]
"  % Total    % Received % Xferd  Average Speed   Time    Time     Time  Current↵                                 Dload  Upload   Total   Spent    Left  Speed↵
  0     0    0     0    0     0      0      0 --:--:-- --:--:-- --:--:--     0
100    28    0    16  100    12    922    692 --:--:-- --:--:-- --:--:--  1647↵"
23-5-2025, 10:04:31node: debug 1
msg.payload : string[317]
"  % Total    % Received % Xferd  Average Speed   Time    Time     Time  Current↵                                 Dload  Upload   Total   Spent    Left  Speed↵
  0     0    0     0    0     0      0      0 --:--:-- --:--:-- --:--:--     0
100    28    0    16  100    12   1135    851 --:--:-- --:--:-- --:--:--  2000↵"
23-5-2025, 10:04:36node: debug 1
msg.payload : string[317]
"  % Total    % Received % Xferd  Average Speed   Time    Time     Time  Current↵                                 Dload  Upload   Total   Spent    Left  Speed↵
  0     0    0     0    0     0      0      0 --:--:-- --:--:-- --:--:--     0
100    28    0    16  100    12   1146    860 --:--:-- --:--:-- --:--:--  2153↵"
23-5-2025, 10:04:41node: debug 1
msg.payload : string[317]
"  % Total    % Received % Xferd  Average Speed   Time    Time     Time  Current↵                                 Dload  Upload   Total   Spent    Left  Speed↵
  0     0    0     0    0     0      0      0 --:--:-- --:--:-- --:--:--     0
100    28    0    16  100    12   1137    852 --:--:-- --:--:-- --:--:--  2153↵"
23-5-2025, 10:04:46node: debug 1
msg.payload : string[317]
"  % Total    % Received % Xferd  Average Speed   Time    Time     Time  Current↵                                 Dload  Upload   Total   Spent    Left  Speed↵
  0     0    0     0    0     0      0      0 --:--:-- --:--:-- --:--:--     0
100    28    0    16  100    12   1039    779 --:--:-- --:--:-- --:--:--  1866↵"
23-5-2025, 10:04:51node: debug 1
msg.payload : string[317]
"  % Total    % Received % Xferd  Average Speed   Time    Time     Time  Current↵                                 Dload  Upload   Total   Spent    Left  Speed↵
  0     0    0     0    0     0      0      0 --:--:-- --:--:-- --:--:--     0
100    28    0    16  100    12   2359   1769 --:--:-- --:--:-- --:--:--  4666↵"
23-5-2025, 10:04:56node: debug 1
msg.payload : string[317]
"  % Total    % Received % Xferd  Average Speed   Time    Time     Time  Current↵                                 Dload  Upload   Total   Spent    Left  Speed↵
  0     0    0     0    0     0      0      0 --:--:-- --:--:-- --:--:--     0
100    28    0    16  100    12   1122    841 --:--:-- --:--:-- --:--:--  2000↵"
23-5-2025, 10:05:01node: debug 1
msg.payload : string[317]
"  % Total    % Received % Xferd  Average Speed   Time    Time     Time  Current↵                                 Dload  Upload   Total   Spent    Left  Speed↵
  0     0    0     0    0     0      0      0 --:--:-- --:--:-- --:--:--     0
100    28    0    16  100    12   2322   1741 --:--:-- --:--:-- --:--:--  4666↵"
23-5-2025, 10:05:06node: debug 1
msg.payload : string[317]
"  % Total    % Received % Xferd  Average Speed   Time    Time     Time  Current↵                                 Dload  Upload   Total   Spent    Left  Speed↵
  0     0    0     0    0     0      0      0 --:--:-- --:--:-- --:--:--     0
100    28    0    16  100    12    514    385 --:--:-- --:--:-- --:--:--   933↵"
23-5-2025, 10:05:11node: debug 1
msg.payload : string[317]
"  % Total    % Received % Xferd  Average Speed   Time    Time     Time  Current↵                                 Dload  Upload   Total   Spent    Left  Speed↵
  0     0    0     0    0     0      0      0 --:--:-- --:--:-- --:--:--     0
100    28    0    16  100    12   1066    799 --:--:-- --:--:-- --:--:--  2000↵"
23-5-2025, 10:05:16node: debug 1
msg.payload : string[317]
"  % Total    % Received % Xferd  Average Speed   Time    Time     Time  Current↵                                 Dload  Upload   Total   Spent    Left  Speed↵
  0     0    0     0    0     0      0      0 --:--:-- --:--:-- --:--:--     0
100    28    0    16  100    12   1214    911 --:--:-- --:--:-- --:--:--  2153↵"
23-5-2025, 10:05:21node: debug 1
msg.payload : string[317]
"  % Total    % Received % Xferd  Average Speed   Time    Time     Time  Current↵                                 Dload  Upload   Total   Spent    Left  Speed↵
  0     0    0     0    0     0      0      0 --:--:-- --:--:-- --:--:--     0
100    28    0    16  100    12    870    653 --:--:-- --:--:-- --:--:--  1555↵"
23-5-2025, 10:05:26node: debug 1
msg.payload : string[317]
"  % Total    % Received % Xferd  Average Speed   Time    Time     Time  Current↵                                 Dload  Upload   Total   Spent    Left  Speed↵
  0     0    0     0    0     0      0      0 --:--:-- --:--:-- --:--:--     0
100    28    0    16  100    12   1100    825 --:--:-- --:--:-- --:--:--  2000↵"
23-5-2025, 10:05:31node: debug 1
msg.payload : string[317]
"  % Total    % Received % Xferd  Average Speed   Time    Time     Time  Current↵                                 Dload  Upload   Total   Spent    Left  Speed↵
  0     0    0     0    0     0      0      0 --:--:-- --:--:-- --:--:--     0
100    28    0    16  100    12   1177    883 --:--:-- --:--:-- --:--:--  2153↵"
23-5-2025, 10:05:36node: debug 1
msg.payload : string[317]
"  % Total    % Received % Xferd  Average Speed   Time    Time     Time  Current↵                                 Dload  Upload   Total   Spent    Left  Speed↵
  0     0    0     0    0     0      0      0 --:--:-- --:--:-- --:--:--     0
100    28    0    16  100    12   1074    805 --:--:-- --:--:-- --:--:--  2000↵"
23-5-2025, 10:05:41node: debug 1
msg.payload : string[317]
"  % Total    % Received % Xferd  Average Speed   Time    Time     Time  Current↵                                 Dload  Upload   Total   Spent    Left  Speed↵
  0     0    0     0    0     0      0      0 --:--:-- --:--:-- --:--:--     0
100    28    0    16  100    12   1115    836 --:--:-- --:--:-- --:--:--  2000↵"
23-5-2025, 10:05:46node: debug 1
msg.payload : string[317]
"  % Total    % Received % Xferd  Average Speed   Time    Time     Time  Current↵                                 Dload  Upload   Total   Spent    Left  Speed↵
  0     0    0     0    0     0      0      0 --:--:-- --:--:-- --:--:--     0
100    28    0    16  100    12   1226    919 --:--:-- --:--:-- --:--:--  2333↵"
23-5-2025, 10:05:51node: debug 1
msg.payload : string[317]
"  % Total    % Received % Xferd  Average Speed   Time    Time     Time  Current↵                                 Dload  Upload   Total   Spent    Left  Speed↵
  0     0    0     0    0     0      0      0 --:--:-- --:--:-- --:--:--     0
100    28    0    16  100    12   1148    861 --:--:-- --:--:-- --:--:--  2153↵"
23-5-2025, 10:05:56node: debug 1
msg.payload : string[317]
"  % Total    % Received % Xferd  Average Speed   Time    Time     Time  Current↵                                 Dload  Upload   Total   Spent    Left  Speed↵
  0     0    0     0    0     0      0      0 --:--:-- --:--:-- --:--:--     0
100    28    0    16  100    12   1374   1031 --:--:-- --:--:-- --:--:--  2545↵"
23-5-2025, 10:06:01node: debug 1
msg.payload : string[317]
"  % Total    % Received % Xferd  Average Speed   Time    Time     Time  Current↵                                 Dload  Upload   Total   Spent    Left  Speed↵
  0     0    0     0    0     0      0      0 --:--:-- --:--:-- --:--:--     0
100    28    0    16  100    12   1139    854 --:--:-- --:--:-- --:--:--  2153↵"
23-5-2025, 10:06:06node: debug 1
msg.payload : string[317]
"  % Total    % Received % Xferd  Average Speed   Time    Time     Time  Current↵                                 Dload  Upload   Total   Spent    Left  Speed↵
  0     0    0     0    0     0      0      0 --:--:-- --:--:-- --:--:--     0
100    28    0    16  100    12   1235    926 --:--:-- --:--:-- --:--:--  2333↵"
23-5-2025, 10:06:11node: debug 1
msg.payload : string[317]
"  % Total    % Received % Xferd  Average Speed   Time    Time     Time  Current↵                                 Dload  Upload   Total   Spent    Left  Speed↵
  0     0    0     0    0     0      0      0 --:--:-- --:--:-- --:--:--     0
100    28    0    16  100    12   1109    831 --:--:-- --:--:-- --:--:--  2000↵"
23-5-2025, 10:06:16node: debug 1
msg.payload : string[317]
"  % Total    % Received % Xferd  Average Speed   Time    Time     Time  Current↵                                 Dload  Upload   Total   Spent    Left  Speed↵
  0     0    0     0    0     0      0      0 --:--:-- --:--:-- --:--:--     0
100    28    0    16  100    12   1149    861 --:--:-- --:--:-- --:--:--  2153↵"
23-5-2025, 10:06:21node: debug 1
msg.payload : string[317]
"  % Total    % Received % Xferd  Average Speed   Time    Time     Time  Current↵                                 Dload  Upload   Total   Spent    Left  Speed↵
  0     0    0     0    0     0      0      0 --:--:-- --:--:-- --:--:--     0
100    28    0    16  100    12   1121    840 --:--:-- --:--:-- --:--:--  2000↵"
23-5-2025, 10:06:26node: debug 1
msg.payload : string[317]
"  % Total    % Received % Xferd  Average Speed   Time    Time     Time  Current↵                                 Dload  Upload   Total   Spent    Left  Speed↵
  0     0    0     0    0     0      0      0 --:--:-- --:--:-- --:--:--     0
100    28    0    16  100    12   1127    845 --:--:-- --:--:-- --:--:--  2000↵"
23-5-2025, 10:06:31node: debug 1
msg.payload : string[317]
"  % Total    % Received % Xferd  Average Speed   Time    Time     Time  Current↵                                 Dload  Upload   Total   Spent    Left  Speed↵
  0     0    0     0    0     0      0      0 --:--:-- --:--:-- --:--:--     0
100    28    0    16  100    12    698    523 --:--:-- --:--:-- --:--:--  1272↵"
23-5-2025, 10:06:36node: debug 1
msg.payload : string[317]
"  % Total    % Received % Xferd  Average Speed   Time    Time     Time  Current↵                                 Dload  Upload   Total   Spent    Left  Speed↵
  0     0    0     0    0     0      0      0 --:--:-- --:--:-- --:--:--     0
100    28    0    16  100    12   1428   1071 --:--:-- --:--:-- --:--:--  2545↵"
23-5-2025, 10:06:41node: debug 1
msg.payload : string[317]
"  % Total    % Received % Xferd  Average Speed   Time    Time     Time  Current↵                                 Dload  Upload   Total   Spent    Left  Speed↵
  0     0    0     0    0     0      0      0 --:--:-- --:--:-- --:--:--     0
100    28    0    16  100    12   1133    850 --:--:-- --:--:-- --:--:--  2153↵"
23-5-2025, 10:06:46node: debug 1
msg.payload : string[317]
"  % Total    % Received % Xferd  Average Speed   Time    Time     Time  Current↵                                 Dload  Upload   Total   Spent    Left  Speed↵
  0     0    0     0    0     0      0      0 --:--:-- --:--:-- --:--:--     0
100    28    0    16  100    12   1229    922 --:--:-- --:--:-- --:--:--  2333↵"
23-5-2025, 10:06:51node: debug 1
msg.payload : string[317]
"  % Total    % Received % Xferd  Average Speed   Time    Time     Time  Current↵                                 Dload  Upload   Total   Spent    Left  Speed↵
  0     0    0     0    0     0      0      0 --:--:-- --:--:-- --:--:--     0
100    28    0    16  100    12   1144    858 --:--:-- --:--:-- --:--:--  2153↵"
23-5-2025, 10:06:56node: debug 1
msg.payload : string[317]
"  % Total    % Received % Xferd  Average Speed   Time    Time     Time  Current↵                                 Dload  Upload   Total   Spent    Left  Speed↵
  0     0    0     0    0     0      0      0 --:--:-- --:--:-- --:--:--     0
100    28    0    16  100    12   1252    939 --:--:-- --:--:-- --:--:--  2333↵"
23-5-2025, 10:07:01node: debug 1
msg.payload : string[317]
"  % Total    % Received % Xferd  Average Speed   Time    Time     Time  Current↵                                 Dload  Upload   Total   Spent    Left  Speed↵
  0     0    0     0    0     0      0      0 --:--:-- --:--:-- --:--:--     0
100    28    0    16  100    12    971    728 --:--:-- --:--:-- --:--:--  1750↵"
23-5-2025, 10:07:06node: debug 1
msg.payload : string[317]
"  % Total    % Received % Xferd  Average Speed   Time    Time     Time  Current↵                                 Dload  Upload   Total   Spent    Left  Speed↵
  0     0    0     0    0     0      0      0 --:--:-- --:--:-- --:--:--     0
100    28    0    16  100    12   1203    902 --:--:-- --:--:-- --:--:--  2153↵"
23-5-2025, 10:07:11node: debug 1
msg.payload : string[317]
"  % Total    % Received % Xferd  Average Speed   Time    Time     Time  Current↵                                 Dload  Upload   Total   Spent    Left  Speed↵
  0     0    0     0    0     0      0      0 --:--:-- --:--:-- --:--:--     0
100    28    0    16  100    12   1810   1357 --:--:-- --:--:-- --:--:--  3500↵"
23-5-2025, 10:07:16node: debug 1
msg.payload : string[317]
"  % Total    % Received % Xferd  Average Speed   Time    Time     Time  Current↵                                 Dload  Upload   Total   Spent    Left  Speed↵
  0     0    0     0    0     0      0      0 --:--:-- --:--:-- --:--:--     0
100    28    0    16  100    12   1115    836 --:--:-- --:--:-- --:--:--  2000↵"
23-5-2025, 10:07:21node: debug 1
msg.payload : string[317]
"  % Total    % Received % Xferd  Average Speed   Time    Time     Time  Current↵                                 Dload  Upload   Total   Spent    Left  Speed↵
  0     0    0     0    0     0      0      0 --:--:-- --:--:-- --:--:--     0
100    28    0    16  100    12   1142    856 --:--:-- --:--:-- --:--:--  2153↵"
23-5-2025, 10:07:26node: debug 1
msg.payload : string[317]
"  % Total    % Received % Xferd  Average Speed   Time    Time     Time  Current↵                                 Dload  Upload   Total   Spent    Left  Speed↵
  0     0    0     0    0     0      0      0 --:--:-- --:--:-- --:--:--     0
100    28    0    16  100    12   1211    908 --:--:-- --:--:-- --:--:--  2153↵"
23-5-2025, 10:07:31node: debug 1
msg.payload : string[317]
"  % Total    % Received % Xferd  Average Speed   Time    Time     Time  Current↵                                 Dload  Upload   Total   Spent    Left  Speed↵
  0     0    0     0    0     0      0      0 --:--:-- --:--:-- --:--:--     0
100    28    0    16  100    12   2256   1692 --:--:-- --:--:-- --:--:--  4666↵"
23-5-2025, 10:07:36node: debug 1
msg.payload : string[317]
"  % Total    % Received % Xferd  Average Speed   Time    Time     Time  Current↵                                 Dload  Upload   Total   Spent    Left  Speed↵
  0     0    0     0    0     0      0      0 --:--:-- --:--:-- --:--:--     0
100    28    0    16  100    12   2278   1709 --:--:-- --:--:-- --:--:--  4666↵"
23-5-2025, 10:07:41node: debug 1
msg.payload : string[317]
"  % Total    % Received % Xferd  Average Speed   Time    Time     Time  Current↵                                 Dload  Upload   Total   Spent    Left  Speed↵
  0     0    0     0    0     0      0      0 --:--:-- --:--:-- --:--:--     0
100    28    0    16  100    12    966    724 --:--:-- --:--:-- --:--:--  1750↵"
23-5-2025, 10:07:46node: debug 1
msg.payload : string[317]
"  % Total    % Received % Xferd  Average Speed   Time    Time     Time  Current↵                                 Dload  Upload   Total   Spent    Left  Speed↵
  0     0    0     0    0     0      0      0 --:--:-- --:--:-- --:--:--     0
100    28    0    16  100    12   1110    832 --:--:-- --:--:-- --:--:--  2000↵"
23-5-2025, 10:07:51node: debug 1
msg.payload : string[396]
"  % Total    % Received % Xferd  Average Speed   Time    Time     Time  Current↵                                 Dload  Upload   Total   Spent    Left  Speed↵
  0     0    0     0    0     0      0      0 --:--:-- --:--:-- --:--:--     0
100    28    0    16  100    12   1112    834 --:--:-- --:--:-- --:--:--  1866↵"
23-5-2025, 10:07:56node: debug 1
msg.payload : string[317]
"  % Total    % Received % Xferd  Average Speed   Time    Time     Time  Current↵                                 Dload  Upload   Total   Spent    Left  Speed↵
  0     0    0     0    0     0      0      0 --:--:-- --:--:-- --:--:--     0
100    28    0    16  100    12   1210    908 --:--:-- --:--:-- --:--:--  2153↵"
23-5-2025, 10:08:01node: debug 1
msg.payload : string[396]
"  % Total    % Received % Xferd  Average Speed   Time    Time     Time  Current↵                                 Dload  Upload   Total   Spent    Left  Speed↵
  0     0    0     0    0     0      0      0 --:--:-- --:--:-- --:--:--     0
100    28    0    16  100    12   2100   1575 --:--:-- --:--:-- --:--:--  3500↵"
23-5-2025, 10:08:06node: debug 1
msg.payload : string[317]
"  % Total    % Received % Xferd  Average Speed   Time    Time     Time  Current↵                                 Dload  Upload   Total   Spent    Left  Speed↵
  0     0    0     0    0     0      0      0 --:--:-- --:--:-- --:--:--     0
100    28    0    16  100    12   1643   1232 --:--:-- --:--:-- --:--:--  3111↵"
23-5-2025, 10:08:11node: debug 1
msg.payload : string[317]
"  % Total    % Received % Xferd  Average Speed   Time    Time     Time  Current↵                                 Dload  Upload   Total   Spent    Left  Speed↵
  0     0    0     0    0     0      0      0 --:--:-- --:--:-- --:--:--     0
100    28    0    16  100    12   1560   1170 --:--:-- --:--:-- --:--:--  2800↵"
23-5-2025, 10:08:16node: debug 1
msg.payload : string[317]
"  % Total    % Received % Xferd  Average Speed   Time    Time     Time  Current↵                                 Dload  Upload   Total   Spent    Left  Speed↵
  0     0    0     0    0     0      0      0 --:--:-- --:--:-- --:--:--     0
100    28    0    16  100    12   1112    834 --:--:-- --:--:-- --:--:--  2000↵"
23-5-2025, 10:08:21node: debug 1
msg.payload : string[317]
"  % Total    % Received % Xferd  Average Speed   Time    Time     Time  Current↵                                 Dload  Upload   Total   Spent    Left  Speed↵
  0     0    0     0    0     0      0      0 --:--:-- --:--:-- --:--:--     0
100    28    0    16  100    12   1080    810 --:--:-- --:--:-- --:--:--  2000↵"
23-5-2025, 10:08:26node: debug 1
msg.payload : string[317]
"  % Total    % Received % Xferd  Average Speed   Time    Time     Time  Current↵                                 Dload  Upload   Total   Spent    Left  Speed↵
  0     0    0     0    0     0      0      0 --:--:-- --:--:-- --:--:--     0
100    28    0    16  100    12   1135    851 --:--:-- --:--:-- --:--:--  2153↵"
23-5-2025, 10:08:31node: debug 1
msg.payload : string[317]
"  % Total    % Received % Xferd  Average Speed   Time    Time     Time  Current↵                                 Dload  Upload   Total   Spent    Left  Speed↵
  0     0    0     0    0     0      0      0 --:--:-- --:--:-- --:--:--     0
100    28    0    16  100    12   1216    912 --:--:-- --:--:-- --:--:--  2153↵"
23-5-2025, 10:08:36node: debug 1
msg.payload : string[317]
"  % Total    % Received % Xferd  Average Speed   Time    Time     Time  Current↵                                 Dload  Upload   Total   Spent    Left  Speed↵
  0     0    0     0    0     0      0      0 --:--:-- --:--:-- --:--:--     0
100    28    0    16  100    12   1035    776 --:--:-- --:--:-- --:--:--  1866↵"
23-5-2025, 10:08:41node: debug 1
msg.payload : string[317]
"  % Total    % Received % Xferd  Average Speed   Time    Time     Time  Current↵                                 Dload  Upload   Total   Spent    Left  Speed↵
  0     0    0     0    0     0      0      0 --:--:-- --:--:-- --:--:--     0
100    28    0    16  100    12   2319   1739 --:--:-- --:--:-- --:--:--  4666↵"
23-5-2025, 10:08:46node: debug 1
msg.payload : string[317]
"  % Total    % Received % Xferd  Average Speed   Time    Time     Time  Current↵                                 Dload  Upload   Total   Spent    Left  Speed↵
  0     0    0     0    0     0      0      0 --:--:-- --:--:-- --:--:--     0
100    28    0    16  100    12   3358   2518 --:--:-- --:--:-- --:--:--  7000↵"
23-5-2025, 10:08:51node: debug 1
msg.payload : string[317]
"  % Total    % Received % Xferd  Average Speed   Time    Time     Time  Current↵                                 Dload  Upload   Total   Spent    Left  Speed↵
  0     0    0     0    0     0      0      0 --:--:-- --:--:-- --:--:--     0
100    28    0    16  100    12   1150    862 --:--:-- --:--:-- --:--:--  2153↵"
23-5-2025, 10:08:56node: debug 1
msg.payload : string[317]
"  % Total    % Received % Xferd  Average Speed   Time    Time     Time  Current↵                                 Dload  Upload   Total   Spent    Left  Speed↵
  0     0    0     0    0     0      0      0 --:--:-- --:--:-- --:--:--     0
100    28    0    16  100    12   1126    844 --:--:-- --:--:-- --:--:--  2000↵"
23-5-2025, 10:09:01node: debug 1
msg.payload : string[317]
"  % Total    % Received % Xferd  Average Speed   Time    Time     Time  Current↵                                 Dload  Upload   Total   Spent    Left  Speed↵
  0     0    0     0    0     0      0      0 --:--:-- --:--:-- --:--:--     0
100    28    0    16  100    12   1146    859 --:--:-- --:--:-- --:--:--  2153↵"
23-5-2025, 10:09:06node: debug 1
msg.payload : string[317]
"  % Total    % Received % Xferd  Average Speed   Time    Time     Time  Current↵                                 Dload  Upload   Total   Spent    Left  Speed↵
  0     0    0     0    0     0      0      0 --:--:-- --:--:-- --:--:--     0
100    28    0    16  100    12    959    719 --:--:-- --:--:-- --:--:--  1750↵"
23-5-2025, 10:09:11node: debug 1
msg.payload : string[317]
"  % Total    % Received % Xferd  Average Speed   Time    Time     Time  Current↵                                 Dload  Upload   Total   Spent    Left  Speed↵
  0     0    0     0    0     0      0      0 --:--:-- --:--:-- --:--:--     0
100    28    0    16  100    12   1029    772 --:--:-- --:--:-- --:--:--  1866↵"
23-5-2025, 10:09:16node: debug 1
msg.payload : string[317]
"  % Total    % Received % Xferd  Average Speed   Time    Time     Time  Current↵                                 Dload  Upload   Total   Spent    Left  Speed↵
  0     0    0     0    0     0      0      0 --:--:-- --:--:-- --:--:--     0
100    28    0    16  100    12    865    649 --:--:-- --:--:-- --:--:--  1555↵"
23-5-2025, 10:09:21node: debug 1
msg.payload : string[317]
"  % Total    % Received % Xferd  Average Speed   Time    Time     Time  Current↵                                 Dload  Upload   Total   Spent    Left  Speed↵
  0     0    0     0    0     0      0      0 --:--:-- --:--:-- --:--:--     0
100    28    0    16  100    12   1808   1356 --:--:-- --:--:-- --:--:--  3500↵"
23-5-2025, 10:09:26node: debug 1
msg.payload : string[317]
"  % Total    % Received % Xferd  Average Speed   Time    Time     Time  Current↵                                 Dload  Upload   Total   Spent    Left  Speed↵
  0     0    0     0    0     0      0      0 --:--:-- --:--:-- --:--:--     0
100    28    0    16  100    12   1551   1163 --:--:-- --:--:-- --:--:--  2800↵"
23-5-2025, 10:09:31node: debug 1
msg.payload : string[317]
"  % Total    % Received % Xferd  Average Speed   Time    Time     Time  Current↵                                 Dload  Upload   Total   Spent    Left  Speed↵
  0     0    0     0    0     0      0      0 --:--:-- --:--:-- --:--:--     0
100    28    0    16  100    12   2870   2153 --:--:-- --:--:-- --:--:--  5600↵"
23-5-2025, 10:09:36node: debug 1
msg.payload : string[317]
"  % Total    % Received % Xferd  Average Speed   Time    Time     Time  Current↵                                 Dload  Upload   Total   Spent    Left  Speed↵
  0     0    0     0    0     0      0      0 --:--:-- --:--:-- --:--:--     0
100    28    0    16  100    12   3160   2370 --:--:-- --:--:-- --:--:--  7000↵"
23-5-2025, 10:09:41node: debug 1
msg.payload : string[317]
"  % Total    % Received % Xferd  Average Speed   Time    Time     Time  Current↵                                 Dload  Upload   Total   Spent    Left  Speed↵
  0     0    0     0    0     0      0      0 --:--:-- --:--:-- --:--:--     0
100    28    0    16  100    12   1830   1372 --:--:-- --:--:-- --:--:--  3500↵"
23-5-2025, 10:09:46node: debug 1
msg.payload : string[317]
"  % Total    % Received % Xferd  Average Speed   Time    Time     Time  Current↵                                 Dload  Upload   Total   Spent    Left  Speed↵
  0     0    0     0    0     0      0      0 --:--:-- --:--:-- --:--:--     0
100    28    0    16  100    12   2503   1877 --:--:-- --:--:-- --:--:--  4666↵"
23-5-2025, 10:09:51node: debug 1
msg.payload : string[317]
"  % Total    % Received % Xferd  Average Speed   Time    Time     Time  Current↵                                 Dload  Upload   Total   Spent    Left  Speed↵
  0     0    0     0    0     0      0      0 --:--:-- --:--:-- --:--:--     0
100    28    0    16  100    12   2593   1945 --:--:-- --:--:-- --:--:--  4666↵"
23-5-2025, 10:09:56node: debug 1
msg.payload : string[317]
"  % Total    % Received % Xferd  Average Speed   Time    Time     Time  Current↵                                 Dload  Upload   Total   Spent    Left  Speed↵
  0     0    0     0    0     0      0      0 --:--:-- --:--:-- --:--:--     0
100    28    0    16  100    12    896    672 --:--:-- --:--:-- --:--:--  1647↵"
23-5-2025, 10:10:01node: debug 1
msg.payload : string[317]
"  % Total    % Received % Xferd  Average Speed   Time    Time     Time  Current↵                                 Dload  Upload   Total   Spent    Left  Speed↵
  0     0    0     0    0     0      0      0 --:--:-- --:--:-- --:--:--     0
100    28    0    16  100    12   1100    825 --:--:-- --:--:-- --:--:--  2000↵"
23-5-2025, 10:10:06node: debug 1
msg.payload : string[317]
"  % Total    % Received % Xferd  Average Speed   Time    Time     Time  Current↵                                 Dload  Upload   Total   Spent    Left  Speed↵
  0     0    0     0    0     0      0      0 --:--:-- --:--:-- --:--:--     0
100    28    0    16  100    12   1181    886 --:--:-- --:--:-- --:--:--  2153↵"
23-5-2025, 10:10:11node: debug 1
msg.payload : string[317]
"  % Total    % Received % Xferd  Average Speed   Time    Time     Time  Current↵                                 Dload  Upload   Total   Spent    Left  Speed↵
  0     0    0     0    0     0      0      0 --:--:-- --:--:-- --:--:--     0
100    28    0    16  100    12   2319   1739 --:--:-- --:--:-- --:--:--  4666↵"
23-5-2025, 10:10:16node: debug 1
msg.payload : string[317]
"  % Total    % Received % Xferd  Average Speed   Time    Time     Time  Current↵                                 Dload  Upload   Total   Spent    Left  Speed↵
  0     0    0     0    0     0      0      0 --:--:-- --:--:-- --:--:--     0
100    28    0    16  100    12   1246    935 --:--:-- --:--:-- --:--:--  2333↵"
23-5-2025, 10:10:21node: debug 1
msg.payload : string[317]
"  % Total    % Received % Xferd  Average Speed   Time    Time     Time  Current↵                                 Dload  Upload   Total   Spent    Left  Speed↵
  0     0    0     0    0     0      0      0 --:--:-- --:--:-- --:--:--     0
100    28    0    16  100    12   1078    809 --:--:-- --:--:-- --:--:--  2000↵"
23-5-2025, 10:10:26node: debug 1
msg.payload : string[317]
"  % Total    % Received % Xferd  Average Speed   Time    Time     Time  Current↵                                 Dload  Upload   Total   Spent    Left  Speed↵
  0     0    0     0    0     0      0      0 --:--:-- --:--:-- --:--:--     0
100    28    0    16  100    12    588    441 --:--:-- --:--:-- --:--:--  1037↵"
23-5-2025, 10:10:31node: debug 1
msg.payload : string[317]
"  % Total    % Received % Xferd  Average Speed   Time    Time     Time  Current↵                                 Dload  Upload   Total   Spent    Left  Speed↵
  0     0    0     0    0     0      0      0 --:--:-- --:--:-- --:--:--     0
100    28    0    16  100    12   1574   1180 --:--:-- --:--:-- --:--:--  2800↵"
23-5-2025, 10:10:36node: debug 1
msg.payload : string[317]
"  % Total    % Received % Xferd  Average Speed   Time    Time     Time  Current↵                                 Dload  Upload   Total   Spent    Left  Speed↵
  0     0    0     0    0     0      0      0 --:--:-- --:--:-- --:--:--     0
100    28    0    16  100    12   1130    847 --:--:-- --:--:-- --:--:--  2153↵"
23-5-2025, 10:10:41node: debug 1
msg.payload : string[317]
"  % Total    % Received % Xferd  Average Speed   Time    Time     Time  Current↵                                 Dload  Upload   Total   Spent    Left  Speed↵
  0     0    0     0    0     0      0      0 --:--:-- --:--:-- --:--:--     0
100    28    0    16  100    12   1154    865 --:--:-- --:--:-- --:--:--  2153↵"
23-5-2025, 10:10:46node: debug 1
msg.payload : string[317]
"  % Total    % Received % Xferd  Average Speed   Time    Time     Time  Current↵                                 Dload  Upload   Total   Spent    Left  Speed↵
  0     0    0     0    0     0      0      0 --:--:-- --:--:-- --:--:--     0
100    28    0    16  100    12   1170    878 --:--:-- --:--:-- --:--:--  2153↵"
23-5-2025, 10:10:51node: debug 1
msg.payload : string[317]
"  % Total    % Received % Xferd  Average Speed   Time    Time     Time  Current↵                                 Dload  Upload   Total   Spent    Left  Speed↵
  0     0    0     0    0     0      0      0 --:--:-- --:--:-- --:--:--     0
100    28    0    16  100    12   1323    992 --:--:-- --:--:-- --:--:--  2545↵"
23-5-2025, 10:10:56node: debug 1
msg.payload : string[317]
"  % Total    % Received % Xferd  Average Speed   Time    Time     Time  Current↵                                 Dload  Upload   Total   Spent    Left  Speed↵
  0     0    0     0    0     0      0      0 --:--:-- --:--:-- --:--:--     0
100    28    0    16  100    12   1193    894 --:--:-- --:--:-- --:--:--  2153↵"
23-5-2025, 10:11:01node: debug 1
msg.payload : string[317]
"  % Total    % Received % Xferd  Average Speed   Time    Time     Time  Current↵                                 Dload  Upload   Total   Spent    Left  Speed↵
  0     0    0     0    0     0      0      0 --:--:-- --:--:-- --:--:--     0
100    28    0    16  100    12   1151    863 --:--:-- --:--:-- --:--:--  2153↵"
23-5-2025, 10:11:06node: debug 1
msg.payload : string[317]
"  % Total    % Received % Xferd  Average Speed   Time    Time     Time  Current↵                                 Dload  Upload   Total   Spent    Left  Speed↵
  0     0    0     0    0     0      0      0 --:--:-- --:--:-- --:--:--     0
100    28    0    16  100    12   1002    751 --:--:-- --:--:-- --:--:--  1866↵"
23-5-2025, 10:11:11node: debug 1
msg.payload : string[317]
"  % Total    % Received % Xferd  Average Speed   Time    Time     Time  Current↵                                 Dload  Upload   Total   Spent    Left  Speed↵
  0     0    0     0    0     0      0      0 --:--:-- --:--:-- --:--:--     0
100    28    0    16  100    12   1095    821 --:--:-- --:--:-- --:--:--  2000↵"
23-5-2025, 10:11:16node: debug 1
msg.payload : string[317]
"  % Total    % Received % Xferd  Average Speed   Time    Time     Time  Current↵                                 Dload  Upload   Total   Spent    Left  Speed↵
  0     0    0     0    0     0      0      0 --:--:-- --:--:-- --:--:--     0
100    28    0    16  100    12   1078    808 --:--:-- --:--:-- --:--:--  2000↵"
23-5-2025, 10:11:21node: debug 1
msg.payload : string[317]
"  % Total    % Received % Xferd  Average Speed   Time    Time     Time  Current↵                                 Dload  Upload   Total   Spent    Left  Speed↵
  0     0    0     0    0     0      0      0 --:--:-- --:--:-- --:--:--     0
100    28    0    16  100    12   1207    905 --:--:-- --:--:-- --:--:--  2153↵"
23-5-2025, 10:11:26node: debug 1
msg.payload : string[317]
"  % Total    % Received % Xferd  Average Speed   Time    Time     Time  Current↵                                 Dload  Upload   Total   Spent    Left  Speed↵
  0     0    0     0    0     0      0      0 --:--:-- --:--:-- --:--:--     0
100    28    0    16  100    12   1044    783 --:--:-- --:--:-- --:--:--  1866↵"
23-5-2025, 10:11:31node: debug 1
msg.payload : string[317]
"  % Total    % Received % Xferd  Average Speed   Time    Time     Time  Current↵                                 Dload  Upload   Total   Spent    Left  Speed↵
  0     0    0     0    0     0      0      0 --:--:-- --:--:-- --:--:--     0
100    28    0    16  100    12   1585   1189 --:--:-- --:--:-- --:--:--  2800↵"
23-5-2025, 10:11:36node: debug 1
msg.payload : string[317]
"  % Total    % Received % Xferd  Average Speed   Time    Time     Time  Current↵                                 Dload  Upload   Total   Spent    Left  Speed↵
  0     0    0     0    0     0      0      0 --:--:-- --:--:-- --:--:--     0
100    28    0    16  100    12   1445   1084 --:--:-- --:--:-- --:--:--  2800↵"
23-5-2025, 10:11:41node: debug 1
msg.payload : string[317]
"  % Total    % Received % Xferd  Average Speed   Time    Time     Time  Current↵                                 Dload  Upload   Total   Spent    Left  Speed↵
  0     0    0     0    0     0      0      0 --:--:-- --:--:-- --:--:--     0
100    28    0    16  100    12   1092    819 --:--:-- --:--:-- --:--:--  2000↵"
23-5-2025, 10:11:46node: debug 1
msg.payload : string[317]
"  % Total    % Received % Xferd  Average Speed   Time    Time     Time  Current↵                                 Dload  Upload   Total   Spent    Left  Speed↵
  0     0    0     0    0     0      0      0 --:--:-- --:--:-- --:--:--     0
100    28    0    16  100    12   1144    858 --:--:-- --:--:-- --:--:--  2153↵"
23-5-2025, 10:11:51node: debug 1
msg.payload : string[317]
"  % Total    % Received % Xferd  Average Speed   Time    Time     Time  Current↵                                 Dload  Upload   Total   Spent    Left  Speed↵
  0     0    0     0    0     0      0      0 --:--:-- --:--:-- --:--:--     0
100    28    0    16  100    12   1199    899 --:--:-- --:--:-- --:--:--  2153↵"
23-5-2025, 10:11:56node: debug 1
msg.payload : string[317]
"  % Total    % Received % Xferd  Average Speed   Time    Time     Time  Current↵                                 Dload  Upload   Total   Spent    Left  Speed↵
  0     0    0     0    0     0      0      0 --:--:-- --:--:-- --:--:--     0
100    28    0    16  100    12   1039    779 --:--:-- --:--:-- --:--:--  1866↵"
23-5-2025, 10:12:01node: debug 1
msg.payload : string[317]
"  % Total    % Received % Xferd  Average Speed   Time    Time     Time  Current↵                                 Dload  Upload   Total   Spent    Left  Speed↵
  0     0    0     0    0     0      0      0 --:--:-- --:--:-- --:--:--     0
100    28    0    16  100    12    945    708 --:--:-- --:--:-- --:--:--  1750↵"
23-5-2025, 10:12:06node: debug 1
msg.payload : string[317]
"  % Total    % Received % Xferd  Average Speed   Time    Time     Time  Current↵                                 Dload  Upload   Total   Spent    Left  Speed↵
  0     0    0     0    0     0      0      0 --:--:-- --:--:-- --:--:--     0
100    28    0    16  100    12   1146    859 --:--:-- --:--:-- --:--:--  2153↵"