real    0m0.050s
user    0m0.034s
sys     0m0.004s

real    0m0.043s
user    0m0.016s
sys     0m0.015s

real    0m0.043s
user    0m0.012s
sys     0m0.018s

real    0m0.039s
user    0m0.018s
sys     0m0.008s

real    0m0.038s
user    0m0.018s
sys     0m0.008s

real    0m0.040s
user    0m0.024s
sys     0m0.004s

real    0m0.040s
user    0m0.024s
sys     0m0.004s

real    0m0.040s
user    0m0.012s
sys     0m0.016s

real    0m0.037s
user    0m0.025s
sys     0m0.001s

real    0m0.039s
user    0m0.020s
sys     0m0.006s

real    0m0.032s
user    0m0.008s
sys     0m0.018s

real    0m0.031s
user    0m0.022s
sys     0m0.004s

real    0m0.032s
user    0m0.022s
sys     0m0.004s

real    0m0.031s
user    0m0.014s
sys     0m0.012s

real    0m0.029s
user    0m0.012s
sys     0m0.012s

real    0m0.030s
user    0m0.018s
sys     0m0.007s

real    0m0.030s
user    0m0.020s
sys     0m0.004s

real    0m0.031s
user    0m0.017s
sys     0m0.007s

real    0m0.033s
user    0m0.011s
sys     0m0.014s

real    0m0.030s
user    0m0.013s
sys     0m0.012s

real    0m0.030s
user    0m0.013s
sys     0m0.012s

real    0m0.031s
user    0m0.013s
sys     0m0.013s

real    0m0.031s
user    0m0.015s
sys     0m0.011s

real    0m0.031s
user    0m0.012s
sys     0m0.015s

real    0m0.033s
user    0m0.008s
sys     0m0.019s

real    0m0.033s
user    0m0.023s
sys     0m0.004s

real    0m0.032s
user    0m0.016s
sys     0m0.010s

real    0m0.034s
user    0m0.020s
sys     0m0.009s

real    0m0.033s
user    0m0.024s
sys     0m0.005s

real    0m0.032s
user    0m0.023s
sys     0m0.005s

real    0m0.026s
user    0m0.007s
sys     0m0.011s

real    0m0.023s
user    0m0.007s
sys     0m0.011s

real    0m0.023s
user    0m0.014s
sys     0m0.004s

real    0m0.023s
user    0m0.013s
sys     0m0.005s

real    0m0.035s
user    0m0.000s
sys     0m0.018s

real    0m0.023s
user    0m0.010s
sys     0m0.007s

real    0m0.023s
user    0m0.011s
sys     0m0.008s

real    0m0.023s
user    0m0.004s
sys     0m0.014s

real    0m0.024s
user    0m0.011s
sys     0m0.008s

real    0m0.023s
user    0m0.018s
sys     0m0.001s

real    0m0.023s
user    0m0.013s
sys     0m0.005s

real    0m0.025s
user    0m0.009s
sys     0m0.009s

real    0m0.023s
user    0m0.004s
sys     0m0.014s

real    0m0.023s
user    0m0.010s
sys     0m0.008s

real    0m0.024s
user    0m0.014s
sys     0m0.004s

real    0m0.023s
user    0m0.003s
sys     0m0.014s

real    0m0.023s
user    0m0.009s
sys     0m0.009s

real    0m0.022s
user    0m0.012s
sys     0m0.006s

real    0m0.024s
user    0m0.010s
sys     0m0.009s

real    0m0.023s
user    0m0.011s
sys     0m0.007s

real    0m0.024s
user    0m0.014s
sys     0m0.004s

real    0m0.025s
user    0m0.012s
sys     0m0.008s

real    0m0.023s
user    0m0.011s
sys     0m0.007s

real    0m0.024s
user    0m0.007s
sys     0m0.011s

real    0m0.022s
user    0m0.013s
sys     0m0.005s

real    0m0.023s
user    0m0.018s
sys     0m0.000s

real    0m0.038s
user    0m0.014s
sys     0m0.005s

real    0m0.023s
user    0m0.005s
sys     0m0.013s

real    0m0.025s
user    0m0.013s
sys     0m0.005s

real    0m0.022s
user    0m0.007s
sys     0m0.011s

real    0m0.023s
user    0m0.011s
sys     0m0.007s

real    0m0.023s
user    0m0.011s
sys     0m0.007s

real    0m0.024s
user    0m0.007s
sys     0m0.011s

real    0m0.023s
user    0m0.007s
sys     0m0.011s

real    0m0.023s
user    0m0.009s
sys     0m0.009s

real    0m0.022s
user    0m0.005s
sys     0m0.013s

real    0m0.026s
user    0m0.011s
sys     0m0.007s

real    0m0.030s
user    0m0.009s
sys     0m0.009s

real    0m0.023s
user    0m0.009s
sys     0m0.009s

real    0m0.023s
user    0m0.004s
sys     0m0.014s

real    0m0.023s
user    0m0.011s
sys     0m0.008s

real    0m0.022s
user    0m0.009s
sys     0m0.009s

real    0m0.024s
user    0m0.009s
sys     0m0.009s

real    0m0.023s
user    0m0.018s
sys     0m0.000s

real    0m0.023s
user    0m0.000s
sys     0m0.018s

real    0m0.023s
user    0m0.014s
sys     0m0.004s

real    0m0.023s
user    0m0.009s
sys     0m0.009s

real    0m0.023s
user    0m0.009s
sys     0m0.009s

real    0m0.023s
user    0m0.005s
sys     0m0.013s

real    0m0.024s
user    0m0.011s
sys     0m0.007s

real    0m0.023s
user    0m0.011s
sys     0m0.007s

real    0m0.023s
user    0m0.015s
sys     0m0.004s

real    0m0.023s
user    0m0.013s
sys     0m0.005s

real    0m0.024s
user    0m0.007s
sys     0m0.011s

real    0m0.023s
user    0m0.013s
sys     0m0.005s

real    0m0.024s
user    0m0.012s
sys     0m0.006s

real    0m0.022s
user    0m0.009s
sys     0m0.009s

real    0m0.026s
user    0m0.004s
sys     0m0.014s

real    0m0.023s
user    0m0.004s
sys     0m0.014s

real    0m0.023s
user    0m0.007s
sys     0m0.011s

real    0m0.023s
user    0m0.013s
sys     0m0.005s

real    0m0.023s
user    0m0.012s
sys     0m0.006s

real    0m0.023s
user    0m0.014s
sys     0m0.004s

real    0m0.022s
user    0m0.013s
sys     0m0.005s

real    0m0.022s
user    0m0.013s
sys     0m0.005s

real    0m0.024s
user    0m0.014s
sys     0m0.004s

real    0m0.022s
user    0m0.010s
sys     0m0.008s

real    0m0.023s
user    0m0.009s
sys     0m0.009s

real    0m0.025s
user    0m0.004s
sys     0m0.014s

real    0m0.023s
user    0m0.009s
sys     0m0.009s

real    0m0.023s
user    0m0.013s
sys     0m0.005s

real    0m0.023s
user    0m0.011s
sys     0m0.008s

real    0m0.023s
user    0m0.011s
sys     0m0.008s

real    0m0.025s
user    0m0.007s
sys     0m0.011s

real    0m0.022s
user    0m0.013s
sys     0m0.005s

real    0m0.023s
user    0m0.018s
sys     0m0.001s

real    0m0.031s
user    0m0.011s
sys     0m0.008s

real    0m0.023s
user    0m0.009s
sys     0m0.009s

real    0m0.023s
user    0m0.009s
sys     0m0.009s

real    0m0.023s
user    0m0.011s
sys     0m0.008s

real    0m0.023s
user    0m0.011s
sys     0m0.008s

real    0m0.023s
user    0m0.018s
sys     0m0.001s

real    0m0.024s
user    0m0.013s
sys     0m0.005s

real    0m0.023s
user    0m0.006s
sys     0m0.012s

real    0m0.022s
user    0m0.011s
sys     0m0.008s

real    0m0.022s
user    0m0.009s
sys     0m0.009s

real    0m0.023s
user    0m0.012s
sys     0m0.006s

real    0m0.023s
user    0m0.009s
sys     0m0.009s

real    0m0.022s
user    0m0.007s
sys     0m0.011s

real    0m0.023s
user    0m0.013s
sys     0m0.005s

real    0m0.023s
user    0m0.004s
sys     0m0.015s

real    0m0.023s
user    0m0.010s
sys     0m0.008s

real    0m0.024s
user    0m0.010s
sys     0m0.008s

real    0m0.023s
user    0m0.007s
sys     0m0.011s

real    0m0.023s
user    0m0.013s
sys     0m0.005s

real    0m0.023s
user    0m0.003s
sys     0m0.014s

real    0m0.022s
user    0m0.007s
sys     0m0.011s

real    0m0.022s
user    0m0.012s
sys     0m0.006s

real    0m0.023s
user    0m0.007s
sys     0m0.011s

real    0m0.023s
user    0m0.007s
sys     0m0.011s

real    0m0.024s
user    0m0.004s
sys     0m0.015s

real    0m0.022s
user    0m0.004s
sys     0m0.014s

real    0m0.023s
user    0m0.007s
sys     0m0.011s

real    0m0.023s
user    0m0.010s
sys     0m0.008s

real    0m0.023s
user    0m0.013s
sys     0m0.005s

real    0m0.024s
user    0m0.018s
sys     0m0.001s

real    0m0.022s
user    0m0.018s
sys     0m0.001s

real    0m0.023s
user    0m0.011s
sys     0m0.008s

real    0m0.023s
user    0m0.007s
sys     0m0.011s

real    0m0.023s
user    0m0.009s
sys     0m0.009s

real    0m0.023s
user    0m0.012s
sys     0m0.006s

real    0m0.023s
user    0m0.014s
sys     0m0.004s

real    0m0.023s
user    0m0.004s
sys     0m0.015s

real    0m0.025s
user    0m0.014s
sys     0m0.004s

real    0m0.023s
user    0m0.010s
sys     0m0.008s

real    0m0.023s
user    0m0.013s
sys     0m0.005s

real    0m0.023s
user    0m0.003s
sys     0m0.014s

real    0m0.026s
user    0m0.013s
sys     0m0.005s

real    0m0.023s
user    0m0.013s
sys     0m0.005s

real    0m0.023s
user    0m0.004s
sys     0m0.014s

real    0m0.025s
user    0m0.009s
sys     0m0.009s

real    0m0.023s
user    0m0.011s
sys     0m0.008s

real    0m0.023s
user    0m0.010s
sys     0m0.008s

real    0m0.023s
user    0m0.011s
sys     0m0.008s

real    0m0.023s
user    0m0.009s
sys     0m0.009s

real    0m0.027s
user    0m0.009s
sys     0m0.009s

real    0m0.023s
user    0m0.005s
sys     0m0.013s

real    0m0.023s
user    0m0.011s
sys     0m0.007s

real    0m0.023s
user    0m0.008s
sys     0m0.011s

real    0m0.023s
user    0m0.009s
sys     0m0.009s

real    0m0.023s
user    0m0.013s
sys     0m0.005s

real    0m0.023s
user    0m0.014s
sys     0m0.004s

real    0m0.027s
user    0m0.009s
sys     0m0.009s

real    0m0.022s
user    0m0.012s
sys     0m0.006s

real    0m0.022s
user    0m0.010s
sys     0m0.008s

real    0m0.022s
user    0m0.004s
sys     0m0.014s

real    0m0.023s
user    0m0.013s
sys     0m0.005s

real    0m0.022s
user    0m0.003s
sys     0m0.014s

real    0m0.023s
user    0m0.013s
sys     0m0.005s

real    0m0.022s
user    0m0.012s
sys     0m0.006s

real    0m0.025s
user    0m0.013s
sys     0m0.005s

real    0m0.025s
user    0m0.006s
sys     0m0.012s

real    0m0.026s
user    0m0.009s
sys     0m0.009s

real    0m0.024s
user    0m0.013s
sys     0m0.005s

real    0m0.023s
user    0m0.014s
sys     0m0.004s

real    0m0.023s
user    0m0.011s
sys     0m0.008s

real    0m0.027s
user    0m0.011s
sys     0m0.008s

real    0m0.023s
user    0m0.004s
sys     0m0.014s

real    0m0.022s
user    0m0.003s
sys     0m0.014s

real    0m0.023s
user    0m0.010s
sys     0m0.008s

real    0m0.023s
user    0m0.013s
sys     0m0.005s

real    0m0.026s
user    0m0.014s
sys     0m0.004s

real    0m0.023s
user    0m0.004s
sys     0m0.014s

real    0m0.023s
user    0m0.009s
sys     0m0.009s

real    0m0.025s
user    0m0.009s
sys     0m0.009s

real    0m0.023s
user    0m0.017s
sys     0m0.001s

real    0m0.023s
user    0m0.000s
sys     0m0.018s

real    0m0.023s
user    0m0.011s
sys     0m0.008s

real    0m0.024s
user    0m0.011s
sys     0m0.008s

real    0m0.024s
user    0m0.007s
sys     0m0.011s

real    0m0.023s
user    0m0.007s
sys     0m0.011s

real    0m0.024s
user    0m0.013s
sys     0m0.005s

real    0m0.023s
user    0m0.009s
sys     0m0.010s

real    0m0.023s
user    0m0.006s
sys     0m0.012s

real    0m0.023s
user    0m0.014s
sys     0m0.004s

real    0m0.023s
user    0m0.007s
sys     0m0.011s

real    0m0.023s
user    0m0.009s
sys     0m0.009s

real    0m0.023s
user    0m0.013s
sys     0m0.005s

real    0m0.023s
user    0m0.013s
sys     0m0.005s

real    0m0.022s
user    0m0.010s
sys     0m0.007s

real    0m0.023s
user    0m0.014s
sys     0m0.004s

real    0m0.022s
user    0m0.013s
sys     0m0.005s

real    0m0.026s
user    0m0.018s
sys     0m0.001s

real    0m0.023s
user    0m0.013s
sys     0m0.005s

real    0m0.024s
user    0m0.013s
sys     0m0.005s

real    0m0.023s
user    0m0.009s
sys     0m0.009s

real    0m0.023s
user    0m0.004s
sys     0m0.014s

real    0m0.023s
user    0m0.013s
sys     0m0.005s

real    0m0.023s
user    0m0.011s
sys     0m0.008s

real    0m0.023s
user    0m0.007s
sys     0m0.011s

real    0m0.023s
user    0m0.011s
sys     0m0.007s

real    0m0.023s
user    0m0.013s
sys     0m0.005s

real    0m0.023s
user    0m0.017s
sys     0m0.001s

real    0m0.023s
user    0m0.014s
sys     0m0.004s

real    0m0.023s
user    0m0.014s
sys     0m0.004s

real    0m0.022s
user    0m0.007s
sys     0m0.011s

real    0m0.023s
user    0m0.013s
sys     0m0.005s

real    0m0.023s
user    0m0.013s
sys     0m0.005s

real    0m0.024s
user    0m0.012s
sys     0m0.006s

real    0m0.023s
user    0m0.013s
sys     0m0.005s

real    0m0.023s
user    0m0.009s
sys     0m0.009s

real    0m0.022s
user    0m0.007s
sys     0m0.011s

real    0m0.025s
user    0m0.014s
sys     0m0.005s

real    0m0.024s
user    0m0.010s
sys     0m0.008s

real    0m0.025s
user    0m0.009s
sys     0m0.009s

real    0m0.023s
user    0m0.010s
sys     0m0.008s

real    0m0.028s
user    0m0.003s
sys     0m0.014s

real    0m0.022s
user    0m0.013s
sys     0m0.005s

real    0m0.024s
user    0m0.013s
sys     0m0.005s

real    0m0.023s
user    0m0.014s
sys     0m0.004s

real    0m0.023s
user    0m0.018s
sys     0m0.000s

real    0m0.023s
user    0m0.014s
sys     0m0.004s

real    0m0.023s
user    0m0.008s
sys     0m0.011s

real    0m0.024s
user    0m0.011s
sys     0m0.007s

real    0m0.023s
user    0m0.008s
sys     0m0.011s

real    0m0.024s
user    0m0.008s
sys     0m0.011s

real    0m0.023s
user    0m0.007s
sys     0m0.011s

real    0m0.023s
user    0m0.013s
sys     0m0.005s

real    0m0.024s
user    0m0.014s
sys     0m0.004s

real    0m0.022s
user    0m0.013s
sys     0m0.005s

real    0m0.023s
user    0m0.018s
sys     0m0.001s

real    0m0.041s
user    0m0.016s
sys     0m0.013s

real    0m0.032s
user    0m0.012s
sys     0m0.016s

real    0m0.034s
user    0m0.020s
sys     0m0.009s

real    0m0.032s
user    0m0.018s
sys     0m0.010s

real    0m0.036s
user    0m0.016s
sys     0m0.013s

real    0m0.031s
user    0m0.020s
sys     0m0.008s

real    0m0.024s
user    0m0.014s
sys     0m0.004s

real    0m0.023s
user    0m0.009s
sys     0m0.009s

real    0m0.023s
user    0m0.011s
sys     0m0.007s

jan@bachelorproef:~ $ bash gbssim.sh

real    0m0.054s
user    0m0.024s
sys     0m0.020s

real    0m0.059s
user    0m0.026s
sys     0m0.017s

real    0m0.037s
user    0m0.012s
sys     0m0.013s

real    0m0.034s
user    0m0.012s
sys     0m0.012s

real    0m0.034s
user    0m0.026s
sys     0m0.001s

real    0m0.037s
user    0m0.019s
sys     0m0.009s

real    0m0.037s
user    0m0.024s
sys     0m0.005s

real    0m0.036s
user    0m0.017s
sys     0m0.007s

real    0m0.038s
user    0m0.010s
sys     0m0.014s

real    0m0.034s
user    0m0.016s
sys     0m0.009s

real    0m0.029s
user    0m0.021s
sys     0m0.005s

real    0m0.028s
user    0m0.009s
sys     0m0.017s

real    0m0.029s
user    0m0.008s
sys     0m0.018s

real    0m0.029s
user    0m0.015s
sys     0m0.012s

real    0m0.031s
user    0m0.016s
sys     0m0.013s

real    0m0.030s
user    0m0.023s
sys     0m0.005s

real    0m0.030s
user    0m0.019s
sys     0m0.008s

real    0m0.027s
user    0m0.012s
sys     0m0.012s

real    0m0.033s
user    0m0.016s
sys     0m0.009s

real    0m0.026s
user    0m0.019s
sys     0m0.005s

real    0m0.027s
user    0m0.014s
sys     0m0.010s

real    0m0.027s
user    0m0.023s
sys     0m0.001s

real    0m0.026s
user    0m0.010s
sys     0m0.014s

real    0m0.048s
user    0m0.020s
sys     0m0.005s

real    0m0.027s
user    0m0.016s
sys     0m0.009s

real    0m0.027s
user    0m0.014s
sys     0m0.010s

real    0m0.027s
user    0m0.014s
sys     0m0.010s

real    0m0.029s
user    0m0.013s
sys     0m0.013s

real    0m0.029s
user    0m0.013s
sys     0m0.013s

real    0m0.029s
user    0m0.017s
sys     0m0.008s

real    0m0.026s
user    0m0.013s
sys     0m0.008s

real    0m0.023s
user    0m0.013s
sys     0m0.005s

real    0m0.023s
user    0m0.014s
sys     0m0.004s

real    0m0.024s
user    0m0.009s
sys     0m0.009s

real    0m0.023s
user    0m0.014s
sys     0m0.004s

real    0m0.024s
user    0m0.011s
sys     0m0.008s

real    0m0.023s
user    0m0.011s
sys     0m0.007s

real    0m0.023s
user    0m0.014s
sys     0m0.005s

real    0m0.024s
user    0m0.009s
sys     0m0.009s

real    0m0.022s
user    0m0.006s
sys     0m0.012s

real    0m0.023s
user    0m0.010s
sys     0m0.008s

real    0m0.023s
user    0m0.010s
sys     0m0.008s

real    0m0.022s
user    0m0.013s
sys     0m0.005s

real    0m0.023s
user    0m0.013s
sys     0m0.005s

real    0m0.023s
user    0m0.014s
sys     0m0.004s

real    0m0.023s
user    0m0.011s
sys     0m0.008s

real    0m0.024s
user    0m0.007s
sys     0m0.011s

real    0m0.023s
user    0m0.013s
sys     0m0.005s

real    0m0.023s
user    0m0.013s
sys     0m0.005s

real    0m0.023s
user    0m0.013s
sys     0m0.005s

real    0m0.021s
user    0m0.013s
sys     0m0.005s

real    0m0.027s
user    0m0.009s
sys     0m0.009s

real    0m0.021s
user    0m0.009s
sys     0m0.009s

real    0m0.021s
user    0m0.013s
sys     0m0.005s

real    0m0.024s
user    0m0.012s
sys     0m0.006s

real    0m0.021s
user    0m0.010s
sys     0m0.007s

real    0m0.022s
user    0m0.009s
sys     0m0.009s

real    0m0.021s
user    0m0.017s
sys     0m0.001s

real    0m0.027s
user    0m0.009s
sys     0m0.009s

real    0m0.022s
user    0m0.010s
sys     0m0.007s

real    0m0.021s
user    0m0.004s
sys     0m0.015s

real    0m0.021s
user    0m0.013s
sys     0m0.005s

real    0m0.021s
user    0m0.011s
sys     0m0.008s

real    0m0.026s
user    0m0.015s
sys     0m0.006s

real    0m0.021s
user    0m0.009s
sys     0m0.009s

real    0m0.022s
user    0m0.012s
sys     0m0.006s

real    0m0.021s
user    0m0.014s
sys     0m0.004s

real    0m0.021s
user    0m0.014s
sys     0m0.004s

real    0m0.022s
user    0m0.014s
sys     0m0.004s

real    0m0.023s
user    0m0.000s
sys     0m0.018s

real    0m0.022s
user    0m0.007s
sys     0m0.011s

real    0m0.024s
user    0m0.003s
sys     0m0.015s

real    0m0.032s
user    0m0.017s
sys     0m0.001s

real    0m0.023s
user    0m0.014s
sys     0m0.004s

real    0m0.023s
user    0m0.013s
sys     0m0.005s

real    0m0.023s
user    0m0.018s
sys     0m0.001s

real    0m0.023s
user    0m0.004s
sys     0m0.015s

real    0m0.024s
user    0m0.013s
sys     0m0.005s

real    0m0.022s
user    0m0.011s
sys     0m0.008s

real    0m0.023s
user    0m0.005s
sys     0m0.014s

real    0m0.025s
user    0m0.004s
sys     0m0.014s

real    0m0.026s
user    0m0.013s
sys     0m0.005s

real    0m0.023s
user    0m0.007s
sys     0m0.011s

real    0m0.023s
user    0m0.007s
sys     0m0.011s

real    0m0.026s
user    0m0.009s
sys     0m0.009s

real    0m0.024s
user    0m0.014s
sys     0m0.004s

real    0m0.026s
user    0m0.008s
sys     0m0.010s

real    0m0.021s
user    0m0.014s
sys     0m0.004s

real    0m0.020s
user    0m0.014s
sys     0m0.004s

real    0m0.020s
user    0m0.009s
sys     0m0.009s

real    0m0.021s
user    0m0.013s
sys     0m0.005s

real    0m0.020s
user    0m0.013s
sys     0m0.005s

real    0m0.020s
user    0m0.012s
sys     0m0.006s

real    0m0.021s
user    0m0.009s
sys     0m0.009s

real    0m0.021s
user    0m0.011s
sys     0m0.007s

real    0m0.020s
user    0m0.009s
sys     0m0.009s

real    0m0.023s
user    0m0.011s
sys     0m0.007s

real    0m0.021s
user    0m0.009s
sys     0m0.009s

real    0m0.021s
user    0m0.013s
sys     0m0.005s

real    0m0.020s
user    0m0.009s
sys     0m0.009s

real    0m0.020s
user    0m0.009s
sys     0m0.009s

real    0m0.021s
user    0m0.004s
sys     0m0.014s

real    0m0.022s
user    0m0.009s
sys     0m0.009s

real    0m0.021s
user    0m0.013s
sys     0m0.005s

real    0m0.021s
user    0m0.009s
sys     0m0.009s

real    0m0.021s
user    0m0.011s
sys     0m0.008s

real    0m0.020s
user    0m0.009s
sys     0m0.009s

real    0m0.022s
user    0m0.007s
sys     0m0.011s

real    0m0.022s
user    0m0.004s
sys     0m0.014s

real    0m0.022s
user    0m0.004s
sys     0m0.015s

real    0m0.035s
user    0m0.012s
sys     0m0.006s

real    0m0.022s
user    0m0.006s
sys     0m0.012s

real    0m0.023s
user    0m0.007s
sys     0m0.011s

real    0m0.022s
user    0m0.013s
sys     0m0.005s

real    0m0.023s
user    0m0.012s
sys     0m0.006s

real    0m0.023s
user    0m0.007s
sys     0m0.011s

real    0m0.025s
user    0m0.013s
sys     0m0.005s

real    0m0.022s
user    0m0.014s
sys     0m0.004s

real    0m0.023s
user    0m0.009s
sys     0m0.009s

real    0m0.022s
user    0m0.013s
sys     0m0.005s

real    0m0.028s
user    0m0.013s
sys     0m0.005s

real    0m0.031s
user    0m0.014s
sys     0m0.004s

real    0m0.022s
user    0m0.007s
sys     0m0.011s

real    0m0.025s
user    0m0.014s
sys     0m0.004s

real    0m0.022s
user    0m0.005s
sys     0m0.014s

real    0m0.024s
user    0m0.013s
sys     0m0.005s

real    0m0.029s
user    0m0.004s
sys     0m0.014s

real    0m0.023s
user    0m0.013s
sys     0m0.005s

real    0m0.023s
user    0m0.004s
sys     0m0.014s

real    0m0.031s
user    0m0.014s
sys     0m0.004s

real    0m0.023s
user    0m0.004s
sys     0m0.015s

real    0m0.023s
user    0m0.013s
sys     0m0.005s

real    0m0.022s
user    0m0.018s
sys     0m0.000s

real    0m0.023s
user    0m0.011s
sys     0m0.007s

real    0m0.023s
user    0m0.009s
sys     0m0.009s

real    0m0.022s
user    0m0.012s
sys     0m0.006s

real    0m0.023s
user    0m0.014s
sys     0m0.004s

real    0m0.024s
user    0m0.011s
sys     0m0.007s

real    0m0.022s
user    0m0.004s
sys     0m0.013s

real    0m0.023s
user    0m0.007s
sys     0m0.011s

real    0m0.022s
user    0m0.013s
sys     0m0.005s

real    0m0.022s
user    0m0.017s
sys     0m0.001s

real    0m0.023s
user    0m0.009s
sys     0m0.009s

real    0m0.022s
user    0m0.011s
sys     0m0.008s

real    0m0.023s
user    0m0.004s
sys     0m0.014s

real    0m0.022s
user    0m0.013s
sys     0m0.005s

real    0m0.022s
user    0m0.010s
sys     0m0.008s

real    0m0.023s
user    0m0.013s
sys     0m0.005s

real    0m0.023s
user    0m0.004s
sys     0m0.014s

real    0m0.028s
user    0m0.009s
sys     0m0.009s

real    0m0.023s
user    0m0.014s
sys     0m0.004s

real    0m0.021s
user    0m0.018s
sys     0m0.001s

real    0m0.037s
user    0m0.009s
sys     0m0.009s

real    0m0.022s
user    0m0.012s
sys     0m0.006s

real    0m0.022s
user    0m0.010s
sys     0m0.007s

real    0m0.023s
user    0m0.009s
sys     0m0.009s

real    0m0.023s
user    0m0.009s
sys     0m0.009s

real    0m0.022s
user    0m0.010s
sys     0m0.008s

real    0m0.024s
user    0m0.007s
sys     0m0.011s

real    0m0.045s
user    0m0.010s
sys     0m0.008s

real    0m0.023s
user    0m0.011s
sys     0m0.008s

real    0m0.028s
user    0m0.007s
sys     0m0.011s

real    0m0.023s
user    0m0.013s
sys     0m0.005s

real    0m0.022s
user    0m0.004s
sys     0m0.014s

real    0m0.023s
user    0m0.007s
sys     0m0.011s

real    0m0.022s
user    0m0.004s
sys     0m0.014s

real    0m0.034s
user    0m0.011s
sys     0m0.008s

real    0m0.022s
user    0m0.007s
sys     0m0.011s

real    0m0.023s
user    0m0.013s
sys     0m0.005s

real    0m0.022s
user    0m0.006s
sys     0m0.012s

real    0m0.022s
user    0m0.009s
sys     0m0.009s

real    0m0.023s
user    0m0.011s
sys     0m0.007s

real    0m0.023s
user    0m0.007s
sys     0m0.011s

real    0m0.022s
user    0m0.009s
sys     0m0.009s

real    0m0.023s
user    0m0.004s
sys     0m0.014s

real    0m0.023s
user    0m0.010s
sys     0m0.008s

real    0m0.023s
user    0m0.014s
sys     0m0.004s

real    0m0.028s
user    0m0.014s
sys     0m0.004s

real    0m0.020s
user    0m0.008s
sys     0m0.010s

real    0m0.020s
user    0m0.011s
sys     0m0.007s

real    0m0.021s
user    0m0.011s
sys     0m0.007s

real    0m0.020s
user    0m0.018s
sys     0m0.000s

real    0m0.021s
user    0m0.013s
sys     0m0.005s

real    0m0.117s
user    0m0.009s
sys     0m0.009s

real    0m0.029s
user    0m0.018s
sys     0m0.001s

real    0m0.035s
user    0m0.011s
sys     0m0.008s

real    0m0.024s
user    0m0.007s
sys     0m0.011s

real    0m0.021s
user    0m0.014s
sys     0m0.004s

real    0m0.021s
user    0m0.013s
sys     0m0.005s

real    0m0.026s
user    0m0.004s
sys     0m0.015s

real    0m0.020s
user    0m0.011s
sys     0m0.007s

real    0m0.023s
user    0m0.013s
sys     0m0.005s

real    0m0.021s
user    0m0.013s
sys     0m0.005s

real    0m0.020s
user    0m0.011s
sys     0m0.007s

real    0m0.020s
user    0m0.011s
sys     0m0.008s

real    0m0.022s
user    0m0.009s
sys     0m0.009s

real    0m0.024s
user    0m0.012s
sys     0m0.006s

real    0m0.020s
user    0m0.009s
sys     0m0.009s

real    0m0.022s
user    0m0.009s
sys     0m0.009s

real    0m0.023s
user    0m0.011s
sys     0m0.008s

real    0m0.021s
user    0m0.011s
sys     0m0.008s

real    0m0.021s
user    0m0.013s
sys     0m0.005s

real    0m0.025s
user    0m0.009s
sys     0m0.009s

real    0m0.021s
user    0m0.010s
sys     0m0.008s

real    0m0.024s
user    0m0.011s
sys     0m0.008s

real    0m0.024s
user    0m0.013s
sys     0m0.005s

real    0m0.029s
user    0m0.018s
sys     0m0.001s

real    0m0.023s
user    0m0.010s
sys     0m0.008s

real    0m0.027s
user    0m0.012s
sys     0m0.006s

real    0m0.032s
user    0m0.010s
sys     0m0.007s

real    0m0.024s
user    0m0.007s
sys     0m0.011s

real    0m0.024s
user    0m0.011s
sys     0m0.008s

real    0m0.022s
user    0m0.004s
sys     0m0.014s

real    0m0.020s
user    0m0.009s
sys     0m0.009s

real    0m0.025s
user    0m0.013s
sys     0m0.005s

real    0m0.022s
user    0m0.012s
sys     0m0.006s

real    0m0.029s
user    0m0.014s
sys     0m0.004s

real    0m0.024s
user    0m0.009s
sys     0m0.009s

real    0m0.026s
user    0m0.004s
sys     0m0.014s

real    0m0.024s
user    0m0.014s
sys     0m0.004s

real    0m0.028s
user    0m0.018s
sys     0m0.000s

real    0m0.034s
user    0m0.010s
sys     0m0.007s

real    0m0.020s
user    0m0.007s
sys     0m0.011s

real    0m0.023s
user    0m0.013s
sys     0m0.005s

real    0m0.020s
user    0m0.009s
sys     0m0.009s

real    0m0.020s
user    0m0.011s
sys     0m0.007s

real    0m0.021s
user    0m0.004s
sys     0m0.014s

real    0m0.022s
user    0m0.013s
sys     0m0.005s

real    0m0.020s
user    0m0.009s
sys     0m0.009s

real    0m0.021s
user    0m0.004s
sys     0m0.013s

real    0m0.025s
user    0m0.018s
sys     0m0.001s

real    0m0.022s
user    0m0.013s
sys     0m0.005s

real    0m0.022s
user    0m0.018s
sys     0m0.001s

real    0m0.027s
user    0m0.011s
sys     0m0.008s

real    0m0.022s
user    0m0.013s
sys     0m0.005s

real    0m0.024s
user    0m0.004s
sys     0m0.013s

real    0m0.022s
user    0m0.017s
sys     0m0.001s

real    0m0.026s
user    0m0.013s
sys     0m0.005s

real    0m0.024s
user    0m0.017s
sys     0m0.001s

real    0m0.034s
user    0m0.014s
sys     0m0.010s

real    0m0.046s
user    0m0.017s
sys     0m0.014s

real    0m0.035s
user    0m0.024s
sys     0m0.006s

real    0m0.023s
user    0m0.017s
sys     0m0.001s

real    0m0.026s
user    0m0.004s
sys     0m0.014s

real    0m0.020s
user    0m0.007s
sys     0m0.011s

real    0m0.024s
user    0m0.009s
sys     0m0.010s

real    0m0.022s
user    0m0.005s
sys     0m0.013s

real    0m0.020s
user    0m0.013s
sys     0m0.005s

real    0m0.020s
user    0m0.013s
sys     0m0.005s

real    0m0.022s
user    0m0.010s
sys     0m0.007s
jan@bachelorproef:~ $ bash gbssim.sh

real    0m0.055s
user    0m0.025s
sys     0m0.018s

real    0m0.055s
user    0m0.018s
sys     0m0.023s

real    0m0.038s
user    0m0.014s
sys     0m0.012s

real    0m0.040s
user    0m0.011s
sys     0m0.015s

real    0m0.040s
user    0m0.023s
sys     0m0.005s

real    0m0.045s
user    0m0.020s
sys     0m0.009s

real    0m0.048s
user    0m0.009s
sys     0m0.019s

real    0m0.037s
user    0m0.014s
sys     0m0.012s

real    0m0.037s
user    0m0.017s
sys     0m0.009s

real    0m0.040s
user    0m0.017s
sys     0m0.011s

real    0m0.041s
user    0m0.018s
sys     0m0.010s

real    0m0.039s
user    0m0.022s
sys     0m0.005s

real    0m0.039s
user    0m0.018s
sys     0m0.008s

real    0m0.035s
user    0m0.015s
sys     0m0.012s

real    0m0.034s
user    0m0.023s
sys     0m0.005s

real    0m0.034s
user    0m0.014s
sys     0m0.014s

real    0m0.034s
user    0m0.023s
sys     0m0.006s

real    0m0.024s
user    0m0.014s
sys     0m0.005s

real    0m0.022s
user    0m0.006s
sys     0m0.012s

real    0m0.022s
user    0m0.011s
sys     0m0.007s

real    0m0.023s
user    0m0.013s
sys     0m0.005s

real    0m0.022s
user    0m0.009s
sys     0m0.009s

real    0m0.023s
user    0m0.007s
sys     0m0.011s

real    0m0.022s
user    0m0.013s
sys     0m0.005s

real    0m0.022s
user    0m0.007s
sys     0m0.011s

real    0m0.022s
user    0m0.011s
sys     0m0.007s

real    0m0.023s
user    0m0.007s
sys     0m0.011s

real    0m0.022s
user    0m0.013s
sys     0m0.005s

real    0m0.023s
user    0m0.013s
sys     0m0.005s

real    0m0.023s
user    0m0.018s
sys     0m0.000s

real    0m0.024s
user    0m0.006s
sys     0m0.012s

real    0m0.023s
user    0m0.009s
sys     0m0.009s

real    0m0.023s
user    0m0.009s
sys     0m0.009s

real    0m0.023s
user    0m0.007s
sys     0m0.011s

real    0m0.023s
user    0m0.013s
sys     0m0.005s

real    0m0.022s
user    0m0.018s
sys     0m0.001s

real    0m0.024s
user    0m0.004s
sys     0m0.015s

real    0m0.022s
user    0m0.009s
sys     0m0.009s

real    0m0.024s
user    0m0.013s
sys     0m0.005s

real    0m0.022s
user    0m0.017s
sys     0m0.001s

real    0m0.022s
user    0m0.010s
sys     0m0.008s

real    0m0.022s
user    0m0.004s
sys     0m0.014s

real    0m0.023s
user    0m0.004s
sys     0m0.014s

real    0m0.023s
user    0m0.010s
sys     0m0.008s

real    0m0.024s
user    0m0.007s
sys     0m0.011s

real    0m0.023s
user    0m0.013s
sys     0m0.005s

real    0m0.023s
user    0m0.018s
sys     0m0.001s

real    0m0.022s
user    0m0.007s
sys     0m0.011s

real    0m0.023s
user    0m0.009s
sys     0m0.009s

real    0m0.023s
user    0m0.000s
sys     0m0.018s

real    0m0.023s
user    0m0.014s
sys     0m0.004s

real    0m0.022s
user    0m0.013s
sys     0m0.005s

real    0m0.025s
user    0m0.009s
sys     0m0.009s

real    0m0.023s
user    0m0.013s
sys     0m0.005s

real    0m0.023s
user    0m0.013s
sys     0m0.005s

real    0m0.023s
user    0m0.014s
sys     0m0.004s

real    0m0.023s
user    0m0.007s
sys     0m0.011s

real    0m0.026s
user    0m0.009s
sys     0m0.009s

real    0m0.022s
user    0m0.011s
sys     0m0.008s

real    0m0.023s
user    0m0.009s
sys     0m0.009s

real    0m0.022s
user    0m0.012s
sys     0m0.006s

real    0m0.027s
user    0m0.011s
sys     0m0.008s

real    0m0.023s
user    0m0.007s
sys     0m0.011s

real    0m0.024s
user    0m0.014s
sys     0m0.005s

real    0m0.022s
user    0m0.013s
sys     0m0.005s

real    0m0.022s
user    0m0.014s
sys     0m0.003s

real    0m0.022s
user    0m0.013s
sys     0m0.005s

real    0m0.023s
user    0m0.004s
sys     0m0.014s

real    0m0.023s
user    0m0.012s
sys     0m0.006s

real    0m0.025s
user    0m0.007s
sys     0m0.011s

real    0m0.022s
user    0m0.012s
sys     0m0.006s

real    0m0.022s
user    0m0.008s
sys     0m0.011s

real    0m0.022s
user    0m0.009s
sys     0m0.009s

real    0m0.023s
user    0m0.011s
sys     0m0.007s

real    0m0.024s
user    0m0.009s
sys     0m0.009s

real    0m0.022s
user    0m0.007s
sys     0m0.011s

real    0m0.022s
user    0m0.012s
sys     0m0.006s

real    0m0.024s
user    0m0.009s
sys     0m0.009s

real    0m0.022s
user    0m0.011s
sys     0m0.007s

real    0m0.023s
user    0m0.004s
sys     0m0.013s

real    0m0.022s
user    0m0.017s
sys     0m0.001s

real    0m0.022s
user    0m0.010s
sys     0m0.007s

real    0m0.022s
user    0m0.013s
sys     0m0.005s

real    0m0.022s
user    0m0.014s
sys     0m0.004s

real    0m0.022s
user    0m0.007s
sys     0m0.011s

real    0m0.023s
user    0m0.009s
sys     0m0.009s

real    0m0.023s
user    0m0.004s
sys     0m0.013s

real    0m0.024s
user    0m0.011s
sys     0m0.008s

real    0m0.025s
user    0m0.015s
sys     0m0.005s

real    0m0.023s
user    0m0.018s
sys     0m0.000s

real    0m0.024s
user    0m0.013s
sys     0m0.005s

real    0m0.023s
user    0m0.011s
sys     0m0.007s

real    0m0.023s
user    0m0.014s
sys     0m0.004s

real    0m0.022s
user    0m0.012s
sys     0m0.006s

real    0m0.038s
user    0m0.008s
sys     0m0.010s

real    0m0.024s
user    0m0.007s
sys     0m0.010s

real    0m0.023s
user    0m0.014s
sys     0m0.004s

real    0m0.022s
user    0m0.009s
sys     0m0.009s

real    0m0.024s
user    0m0.018s
sys     0m0.001s

real    0m0.022s
user    0m0.007s
sys     0m0.011s

real    0m0.023s
user    0m0.011s
sys     0m0.008s

real    0m0.023s
user    0m0.011s
sys     0m0.008s

real    0m0.023s
user    0m0.013s
sys     0m0.005s

real    0m0.022s
user    0m0.012s
sys     0m0.006s

real    0m0.022s
user    0m0.011s
sys     0m0.008s

real    0m0.023s
user    0m0.011s
sys     0m0.008s

real    0m0.023s
user    0m0.007s
sys     0m0.011s

real    0m0.023s
user    0m0.013s
sys     0m0.005s

real    0m0.023s
user    0m0.018s
sys     0m0.001s

real    0m0.023s
user    0m0.004s
sys     0m0.014s

real    0m0.023s
user    0m0.013s
sys     0m0.005s

real    0m0.023s
user    0m0.011s
sys     0m0.007s

real    0m0.023s
user    0m0.014s
sys     0m0.004s

real    0m0.022s
user    0m0.013s
sys     0m0.005s

real    0m0.022s
user    0m0.004s
sys     0m0.014s

real    0m0.029s
user    0m0.010s
sys     0m0.007s

real    0m0.022s
user    0m0.013s
sys     0m0.005s

real    0m0.023s
user    0m0.009s
sys     0m0.009s

real    0m0.023s
user    0m0.004s
sys     0m0.014s

real    0m0.027s
user    0m0.010s
sys     0m0.008s

real    0m0.023s
user    0m0.007s
sys     0m0.011s

real    0m0.023s
user    0m0.009s
sys     0m0.009s

real    0m0.023s
user    0m0.009s
sys     0m0.009s

real    0m0.023s
user    0m0.005s
sys     0m0.013s

real    0m0.023s
user    0m0.014s
sys     0m0.003s

real    0m0.022s
user    0m0.008s
sys     0m0.011s

real    0m0.023s
user    0m0.008s
sys     0m0.010s

real    0m0.023s
user    0m0.014s
sys     0m0.004s

real    0m0.022s
user    0m0.014s
sys     0m0.004s

real    0m0.024s
user    0m0.014s
sys     0m0.004s

real    0m0.023s
user    0m0.011s
sys     0m0.007s

real    0m0.023s
user    0m0.011s
sys     0m0.007s

real    0m0.023s
user    0m0.009s
sys     0m0.009s

real    0m0.022s
user    0m0.012s
sys     0m0.006s

real    0m0.023s
user    0m0.009s
sys     0m0.009s

real    0m0.023s
user    0m0.011s
sys     0m0.007s

real    0m0.023s
user    0m0.011s
sys     0m0.007s

real    0m0.023s
user    0m0.007s
sys     0m0.011s

real    0m0.022s
user    0m0.009s
sys     0m0.009s

real    0m0.023s
user    0m0.013s
sys     0m0.005s

real    0m0.023s
user    0m0.007s
sys     0m0.011s

real    0m0.023s
user    0m0.011s
sys     0m0.007s

real    0m0.023s
user    0m0.009s
sys     0m0.009s

real    0m0.023s
user    0m0.013s
sys     0m0.005s

real    0m0.025s
user    0m0.004s
sys     0m0.014s

real    0m0.023s
user    0m0.004s
sys     0m0.014s

real    0m0.024s
user    0m0.011s
sys     0m0.007s

real    0m0.022s
user    0m0.014s
sys     0m0.004s

real    0m0.023s
user    0m0.009s
sys     0m0.009s

real    0m0.026s
user    0m0.018s
sys     0m0.000s

real    0m0.023s
user    0m0.011s
sys     0m0.007s

real    0m0.023s
user    0m0.011s
sys     0m0.008s

real    0m0.022s
user    0m0.009s
sys     0m0.009s

real    0m0.024s
user    0m0.013s
sys     0m0.005s

real    0m0.022s
user    0m0.017s
sys     0m0.000s

real    0m0.023s
user    0m0.013s
sys     0m0.005s

real    0m0.023s
user    0m0.009s
sys     0m0.009s

real    0m0.023s
user    0m0.010s
sys     0m0.007s

real    0m0.023s
user    0m0.010s
sys     0m0.008s

real    0m0.023s
user    0m0.014s
sys     0m0.004s

real    0m0.022s
user    0m0.013s
sys     0m0.005s

real    0m0.023s
user    0m0.012s
sys     0m0.006s

real    0m0.023s
user    0m0.017s
sys     0m0.001s

real    0m0.025s
user    0m0.013s
sys     0m0.005s

real    0m0.023s
user    0m0.004s
sys     0m0.014s

real    0m0.024s
user    0m0.009s
sys     0m0.009s

real    0m0.022s
user    0m0.014s
sys     0m0.004s

real    0m0.024s
user    0m0.009s
sys     0m0.010s

real    0m0.022s
user    0m0.004s
sys     0m0.014s

real    0m0.033s
user    0m0.004s
sys     0m0.015s

real    0m0.022s
user    0m0.013s
sys     0m0.005s

real    0m0.024s
user    0m0.004s
sys     0m0.013s

real    0m0.023s
user    0m0.004s
sys     0m0.014s

real    0m0.025s
user    0m0.013s
sys     0m0.005s

real    0m0.022s
user    0m0.012s
sys     0m0.006s

real    0m0.023s
user    0m0.007s
sys     0m0.011s

real    0m0.022s
user    0m0.010s
sys     0m0.008s

real    0m0.022s
user    0m0.018s
sys     0m0.001s

real    0m0.023s
user    0m0.009s
sys     0m0.009s

real    0m0.026s
user    0m0.007s
sys     0m0.011s

real    0m0.027s
user    0m0.007s
sys     0m0.011s

real    0m0.023s
user    0m0.009s
sys     0m0.009s

real    0m0.024s
user    0m0.011s
sys     0m0.008s

real    0m0.023s
user    0m0.014s
sys     0m0.004s

real    0m0.025s
user    0m0.014s
sys     0m0.004s

real    0m0.022s
user    0m0.007s
sys     0m0.011s

real    0m0.025s
user    0m0.014s
sys     0m0.004s

real    0m0.023s
user    0m0.007s
sys     0m0.011s

real    0m0.024s
user    0m0.011s
sys     0m0.008s

real    0m0.022s
user    0m0.013s
sys     0m0.005s

real    0m0.023s
user    0m0.018s
sys     0m0.000s

real    0m0.022s
user    0m0.004s
sys     0m0.014s

real    0m0.022s
user    0m0.007s
sys     0m0.011s

real    0m0.023s
user    0m0.013s
sys     0m0.005s

real    0m0.025s
user    0m0.011s
sys     0m0.007s

real    0m0.022s
user    0m0.017s
sys     0m0.001s

real    0m0.022s
user    0m0.011s
sys     0m0.006s

real    0m0.022s
user    0m0.010s
sys     0m0.008s

real    0m0.023s
user    0m0.010s
sys     0m0.008s

real    0m0.023s
user    0m0.013s
sys     0m0.005s

real    0m0.023s
user    0m0.009s
sys     0m0.009s

real    0m0.022s
user    0m0.017s
sys     0m0.001s

real    0m0.023s
user    0m0.007s
sys     0m0.011s

real    0m0.022s
user    0m0.013s
sys     0m0.005s

real    0m0.024s
user    0m0.017s
sys     0m0.001s

real    0m0.022s
user    0m0.017s
sys     0m0.001s

real    0m0.023s
user    0m0.007s
sys     0m0.011s

real    0m0.023s
user    0m0.007s
sys     0m0.011s

real    0m0.023s
user    0m0.007s
sys     0m0.011s

real    0m0.027s
user    0m0.014s
sys     0m0.004s

real    0m0.023s
user    0m0.010s
sys     0m0.008s

real    0m0.023s
user    0m0.013s
sys     0m0.005s

real    0m0.023s
user    0m0.017s
sys     0m0.001s

real    0m0.023s
user    0m0.013s
sys     0m0.005s

real    0m0.023s
user    0m0.011s
sys     0m0.008s

real    0m0.025s
user    0m0.017s
sys     0m0.001s

real    0m0.023s
user    0m0.011s
sys     0m0.008s

real    0m0.025s
user    0m0.013s
sys     0m0.005s

real    0m0.024s
user    0m0.011s
sys     0m0.008s

real    0m0.023s
user    0m0.014s
sys     0m0.004s

real    0m0.023s
user    0m0.010s
sys     0m0.008s

real    0m0.023s
user    0m0.013s
sys     0m0.005s

real    0m0.023s
user    0m0.017s
sys     0m0.001s

real    0m0.024s
user    0m0.011s
sys     0m0.008s

real    0m0.022s
user    0m0.007s
sys     0m0.011s

real    0m0.024s
user    0m0.011s
sys     0m0.008s

real    0m0.025s
user    0m0.007s
sys     0m0.011s

real    0m0.023s
user    0m0.004s
sys     0m0.015s

real    0m0.024s
user    0m0.011s
sys     0m0.008s

real    0m0.026s
user    0m0.012s
sys     0m0.009s

real    0m0.033s
user    0m0.016s
sys     0m0.013s

real    0m0.035s
user    0m0.009s
sys     0m0.020s

real    0m0.030s
user    0m0.020s
sys     0m0.005s

real    0m0.024s
user    0m0.013s
sys     0m0.005s

real    0m0.023s
user    0m0.011s
sys     0m0.008s

real    0m0.023s
user    0m0.010s
sys     0m0.007s

real    0m0.023s
user    0m0.004s
sys     0m0.014s

real    0m0.025s
user    0m0.009s
sys     0m0.009s

real    0m0.024s
user    0m0.010s
sys     0m0.008s

real    0m0.023s
user    0m0.011s
sys     0m0.008s

real    0m0.023s
user    0m0.009s
sys     0m0.009s

real    0m0.023s
user    0m0.012s
sys     0m0.006s

real    0m0.024s
user    0m0.017s
sys     0m0.001s

real    0m0.023s
user    0m0.009s
sys     0m0.009s

real    0m0.022s
user    0m0.018s
sys     0m0.000s

real    0m0.023s
user    0m0.009s
sys     0m0.009s

real    0m0.023s
user    0m0.007s
sys     0m0.011s

real    0m0.024s
user    0m0.011s
sys     0m0.008s

real    0m0.023s
user    0m0.014s
sys     0m0.004s

real    0m0.027s
user    0m0.014s
sys     0m0.004s
jan@bachelorproef:~ $ bash gbssim.sh

real    0m0.021s
user    0m0.014s
sys     0m0.004s

real    0m0.021s
user    0m0.009s
sys     0m0.010s

real    0m0.021s
user    0m0.007s
sys     0m0.011s

real    0m0.021s
user    0m0.011s
sys     0m0.008s

real    0m0.023s
user    0m0.007s
sys     0m0.011s

real    0m0.021s
user    0m0.013s
sys     0m0.005s

real    0m0.020s
user    0m0.013s
sys     0m0.005s

real    0m0.022s
user    0m0.011s
sys     0m0.008s

real    0m0.021s
user    0m0.009s
sys     0m0.009s

real    0m0.021s
user    0m0.009s
sys     0m0.009s

real    0m0.021s
user    0m0.009s
sys     0m0.009s

real    0m0.021s
user    0m0.011s
sys     0m0.008s

real    0m0.020s
user    0m0.013s
sys     0m0.005s

real    0m0.021s
user    0m0.013s
sys     0m0.005s

real    0m0.021s
user    0m0.013s
sys     0m0.005s

real    0m0.021s
user    0m0.013s
sys     0m0.005s

real    0m0.020s
user    0m0.017s
sys     0m0.001s

real    0m0.021s
user    0m0.013s
sys     0m0.005s

real    0m0.022s
user    0m0.009s
sys     0m0.009s

real    0m0.021s
user    0m0.009s
sys     0m0.009s

real    0m0.021s
user    0m0.009s
sys     0m0.009s

real    0m0.020s
user    0m0.012s
sys     0m0.006s

real    0m0.022s
user    0m0.012s
sys     0m0.006s

real    0m0.021s
user    0m0.009s
sys     0m0.009s

real    0m0.020s
user    0m0.001s
sys     0m0.017s

real    0m0.023s
user    0m0.012s
sys     0m0.006s

real    0m0.021s
user    0m0.004s
sys     0m0.014s

real    0m0.021s
user    0m0.014s
sys     0m0.004s

real    0m0.021s
user    0m0.009s
sys     0m0.009s

real    0m0.021s
user    0m0.013s
sys     0m0.005s

real    0m0.020s
user    0m0.009s
sys     0m0.009s

real    0m0.021s
user    0m0.014s
sys     0m0.004s

real    0m0.021s
user    0m0.013s
sys     0m0.005s

real    0m0.021s
user    0m0.013s
sys     0m0.005s

real    0m0.020s
user    0m0.009s
sys     0m0.009s

real    0m0.021s
user    0m0.009s
sys     0m0.009s

real    0m0.030s
user    0m0.013s
sys     0m0.005s

real    0m0.020s
user    0m0.009s
sys     0m0.009s

real    0m0.021s
user    0m0.013s
sys     0m0.005s

real    0m0.021s
user    0m0.011s
sys     0m0.008s

real    0m0.020s
user    0m0.010s
sys     0m0.008s

real    0m0.021s
user    0m0.013s
sys     0m0.005s

real    0m0.021s
user    0m0.013s
sys     0m0.005s

real    0m0.023s
user    0m0.004s
sys     0m0.014s

real    0m0.021s
user    0m0.009s
sys     0m0.009s

real    0m0.021s
user    0m0.007s
sys     0m0.011s

real    0m0.021s
user    0m0.013s
sys     0m0.005s

real    0m0.022s
user    0m0.013s
sys     0m0.005s

real    0m0.021s
user    0m0.009s
sys     0m0.009s

real    0m0.022s
user    0m0.013s
sys     0m0.005s

real    0m0.021s
user    0m0.013s
sys     0m0.005s

real    0m0.021s
user    0m0.004s
sys     0m0.014s

real    0m0.020s
user    0m0.009s
sys     0m0.009s

real    0m0.021s
user    0m0.004s
sys     0m0.014s

real    0m0.021s
user    0m0.010s
sys     0m0.008s

real    0m0.021s
user    0m0.017s
sys     0m0.001s

real    0m0.021s
user    0m0.009s
sys     0m0.009s

real    0m0.021s
user    0m0.004s
sys     0m0.014s

real    0m0.021s
user    0m0.011s
sys     0m0.008s

real    0m0.020s
user    0m0.009s
sys     0m0.009s

real    0m0.020s
user    0m0.013s
sys     0m0.005s

real    0m0.021s
user    0m0.009s
sys     0m0.009s

real    0m0.024s
user    0m0.012s
sys     0m0.006s

real    0m0.022s
user    0m0.018s
sys     0m0.000s

real    0m0.023s
user    0m0.011s
sys     0m0.007s

real    0m0.022s
user    0m0.009s
sys     0m0.009s

real    0m0.023s
user    0m0.015s
sys     0m0.004s

real    0m0.023s
user    0m0.007s
sys     0m0.011s

real    0m0.023s
user    0m0.013s
sys     0m0.005s

real    0m0.022s
user    0m0.004s
sys     0m0.014s

real    0m0.022s
user    0m0.013s
sys     0m0.005s

real    0m0.022s
user    0m0.012s
sys     0m0.006s

real    0m0.023s
user    0m0.014s
sys     0m0.004s

real    0m0.023s
user    0m0.011s
sys     0m0.008s

real    0m0.022s
user    0m0.017s
sys     0m0.001s

real    0m0.024s
user    0m0.004s
sys     0m0.014s

real    0m0.022s
user    0m0.007s
sys     0m0.011s

real    0m0.022s
user    0m0.013s
sys     0m0.005s

real    0m0.025s
user    0m0.007s
sys     0m0.011s

real    0m0.023s
user    0m0.013s
sys     0m0.005s

real    0m0.023s
user    0m0.004s
sys     0m0.014s

real    0m0.023s
user    0m0.014s
sys     0m0.004s

real    0m0.022s
user    0m0.013s
sys     0m0.005s

real    0m0.023s
user    0m0.009s
sys     0m0.009s

real    0m0.021s
user    0m0.010s
sys     0m0.007s

real    0m0.022s
user    0m0.013s
sys     0m0.005s

real    0m0.023s
user    0m0.010s
sys     0m0.007s

real    0m0.022s
user    0m0.013s
sys     0m0.005s

real    0m0.022s
user    0m0.011s
sys     0m0.008s

real    0m0.023s
user    0m0.011s
sys     0m0.008s

real    0m0.022s
user    0m0.013s
sys     0m0.005s

real    0m0.022s
user    0m0.004s
sys     0m0.014s

real    0m0.024s
user    0m0.014s
sys     0m0.004s

real    0m0.022s
user    0m0.013s
sys     0m0.005s

real    0m0.024s
user    0m0.004s
sys     0m0.014s

real    0m0.022s
user    0m0.014s
sys     0m0.004s

real    0m0.021s
user    0m0.013s
sys     0m0.005s

real    0m0.022s
user    0m0.010s
sys     0m0.008s

real    0m0.021s
user    0m0.014s
sys     0m0.004s

real    0m0.020s
user    0m0.010s
sys     0m0.008s

real    0m0.020s
user    0m0.013s
sys     0m0.005s

real    0m0.021s
user    0m0.009s
sys     0m0.009s

real    0m0.021s
user    0m0.013s
sys     0m0.005s

real    0m0.021s
user    0m0.009s
sys     0m0.009s

real    0m0.020s
user    0m0.010s
sys     0m0.007s

real    0m0.021s
user    0m0.011s
sys     0m0.008s

real    0m0.020s
user    0m0.013s
sys     0m0.005s

real    0m0.021s
user    0m0.013s
sys     0m0.005s

real    0m0.023s
user    0m0.009s
sys     0m0.009s

real    0m0.023s
user    0m0.011s
sys     0m0.008s

real    0m0.023s
user    0m0.013s
sys     0m0.005s

real    0m0.022s
user    0m0.013s
sys     0m0.005s

real    0m0.023s
user    0m0.017s
sys     0m0.001s

real    0m0.024s
user    0m0.013s
sys     0m0.005s

real    0m0.023s
user    0m0.010s
sys     0m0.007s

real    0m0.023s
user    0m0.009s
sys     0m0.009s

real    0m0.022s
user    0m0.012s
sys     0m0.006s

real    0m0.023s
user    0m0.011s
sys     0m0.008s

real    0m0.022s
user    0m0.013s
sys     0m0.005s

real    0m0.023s
user    0m0.004s
sys     0m0.014s

real    0m0.023s
user    0m0.007s
sys     0m0.011s

real    0m0.027s
user    0m0.013s
sys     0m0.005s

real    0m0.024s
user    0m0.011s
sys     0m0.006s

real    0m0.022s
user    0m0.009s
sys     0m0.009s

real    0m0.024s
user    0m0.008s
sys     0m0.011s

real    0m0.023s
user    0m0.007s
sys     0m0.010s

real    0m0.023s
user    0m0.014s
sys     0m0.004s

real    0m0.022s
user    0m0.011s
sys     0m0.007s

real    0m0.022s
user    0m0.013s
sys     0m0.005s

real    0m0.022s
user    0m0.000s
sys     0m0.018s

real    0m0.022s
user    0m0.007s
sys     0m0.011s

real    0m0.023s
user    0m0.009s
sys     0m0.009s

real    0m0.022s
user    0m0.011s
sys     0m0.008s

real    0m0.024s
user    0m0.011s
sys     0m0.008s

real    0m0.035s
user    0m0.011s
sys     0m0.008s

real    0m0.025s
user    0m0.013s
sys     0m0.005s

real    0m0.023s
user    0m0.007s
sys     0m0.011s

real    0m0.024s
user    0m0.011s
sys     0m0.007s

real    0m0.024s
user    0m0.014s
sys     0m0.004s

real    0m0.023s
user    0m0.007s
sys     0m0.011s

real    0m0.029s
user    0m0.009s
sys     0m0.009s

real    0m0.036s
user    0m0.015s
sys     0m0.016s

real    0m0.036s
user    0m0.019s
sys     0m0.012s

real    0m0.039s
user    0m0.025s
sys     0m0.004s

real    0m0.023s
user    0m0.011s
sys     0m0.007s

real    0m0.022s
user    0m0.013s
sys     0m0.005s

real    0m0.026s
user    0m0.004s
sys     0m0.014s

real    0m0.022s
user    0m0.009s
sys     0m0.009s

real    0m0.024s
user    0m0.000s
sys     0m0.018s

real    0m0.023s
user    0m0.007s
sys     0m0.011s

real    0m0.027s
user    0m0.014s
sys     0m0.004s

real    0m0.022s
user    0m0.013s
sys     0m0.005s

real    0m0.024s
user    0m0.012s
sys     0m0.006s

real    0m0.021s
user    0m0.013s
sys     0m0.005s

real    0m0.020s
user    0m0.018s
sys     0m0.001s

real    0m0.022s
user    0m0.018s
sys     0m0.001s

real    0m0.030s
user    0m0.000s
sys     0m0.018s

real    0m0.020s
user    0m0.014s
sys     0m0.004s

real    0m0.021s
user    0m0.013s
sys     0m0.005s

real    0m0.023s
user    0m0.014s
sys     0m0.004s

real    0m0.022s
user    0m0.009s
sys     0m0.009s

real    0m0.025s
user    0m0.004s
sys     0m0.014s

real    0m0.022s
user    0m0.013s
sys     0m0.005s

real    0m0.023s
user    0m0.009s
sys     0m0.009s

real    0m0.023s
user    0m0.012s
sys     0m0.006s

real    0m0.023s
user    0m0.007s
sys     0m0.011s

real    0m0.022s
user    0m0.013s
sys     0m0.005s

real    0m0.023s
user    0m0.000s
sys     0m0.018s

real    0m0.022s
user    0m0.007s
sys     0m0.011s

real    0m0.022s
user    0m0.013s
sys     0m0.005s

real    0m0.022s
user    0m0.012s
sys     0m0.006s

real    0m0.029s
user    0m0.009s
sys     0m0.009s

real    0m0.023s
user    0m0.007s
sys     0m0.011s

real    0m0.025s
user    0m0.013s
sys     0m0.005s

real    0m0.023s
user    0m0.011s
sys     0m0.008s

real    0m0.022s
user    0m0.013s
sys     0m0.005s

real    0m0.026s
user    0m0.004s
sys     0m0.014s

real    0m0.023s
user    0m0.007s
sys     0m0.011s

real    0m0.024s
user    0m0.011s
sys     0m0.008s

real    0m0.023s
user    0m0.007s
sys     0m0.011s

real    0m0.024s
user    0m0.010s
sys     0m0.008s

real    0m0.024s
user    0m0.011s
sys     0m0.008s

real    0m0.022s
user    0m0.009s
sys     0m0.009s

real    0m0.022s
user    0m0.011s
sys     0m0.008s

real    0m0.023s
user    0m0.014s
sys     0m0.004s

real    0m0.023s
user    0m0.012s
sys     0m0.006s

real    0m0.023s
user    0m0.006s
sys     0m0.012s

real    0m0.022s
user    0m0.008s
sys     0m0.010s

real    0m0.027s
user    0m0.005s
sys     0m0.013s

real    0m0.022s
user    0m0.018s
sys     0m0.000s

real    0m0.024s
user    0m0.009s
sys     0m0.009s

real    0m0.023s
user    0m0.008s
sys     0m0.011s

real    0m0.023s
user    0m0.007s
sys     0m0.010s

real    0m0.022s
user    0m0.012s
sys     0m0.006s

real    0m0.023s
user    0m0.009s
sys     0m0.009s

real    0m0.024s
user    0m0.011s
sys     0m0.007s

real    0m0.023s
user    0m0.011s
sys     0m0.007s

real    0m0.022s
user    0m0.009s
sys     0m0.009s

real    0m0.023s
user    0m0.013s
sys     0m0.005s

real    0m0.023s
user    0m0.011s
sys     0m0.008s

real    0m0.022s
user    0m0.013s
sys     0m0.005s

real    0m0.024s
user    0m0.009s
sys     0m0.009s

real    0m0.025s
user    0m0.007s
sys     0m0.011s

real    0m0.023s
user    0m0.009s
sys     0m0.009s

real    0m0.031s
user    0m0.004s
sys     0m0.014s

real    0m0.023s
user    0m0.009s
sys     0m0.010s

real    0m0.020s
user    0m0.009s
sys     0m0.009s

real    0m0.021s
user    0m0.013s
sys     0m0.005s

real    0m0.021s
user    0m0.009s
sys     0m0.009s

real    0m0.021s
user    0m0.011s
sys     0m0.008s

real    0m0.021s
user    0m0.013s
sys     0m0.005s

real    0m0.021s
user    0m0.013s
sys     0m0.005s

real    0m0.020s
user    0m0.013s
sys     0m0.005s

real    0m0.022s
user    0m0.013s
sys     0m0.005s

real    0m0.020s
user    0m0.013s
sys     0m0.005s

real    0m0.022s
user    0m0.007s
sys     0m0.011s

real    0m0.021s
user    0m0.007s
sys     0m0.011s

real    0m0.022s
user    0m0.009s
sys     0m0.009s

real    0m0.023s
user    0m0.013s
sys     0m0.005s

real    0m0.024s
user    0m0.013s
sys     0m0.005s

real    0m0.021s
user    0m0.013s
sys     0m0.005s

real    0m0.021s
user    0m0.007s
sys     0m0.011s

real    0m0.020s
user    0m0.018s
sys     0m0.000s

real    0m0.021s
user    0m0.004s
sys     0m0.014s

real    0m0.021s
user    0m0.004s
sys     0m0.014s

real    0m0.021s
user    0m0.009s
sys     0m0.009s

real    0m0.021s
user    0m0.017s
sys     0m0.001s

real    0m0.021s
user    0m0.009s
sys     0m0.009s

real    0m0.022s
user    0m0.007s
sys     0m0.011s

real    0m0.023s
user    0m0.009s
sys     0m0.009s

real    0m0.021s
user    0m0.009s
sys     0m0.009s

real    0m0.021s
user    0m0.013s
sys     0m0.005s

real    0m0.021s
user    0m0.007s
sys     0m0.011s

real    0m0.020s
user    0m0.011s
sys     0m0.007s

real    0m0.021s
user    0m0.013s
sys     0m0.005s

real    0m0.021s
user    0m0.011s
sys     0m0.007s

real    0m0.021s
user    0m0.013s
sys     0m0.005s

real    0m0.022s
user    0m0.011s
sys     0m0.008s

real    0m0.022s
user    0m0.017s
sys     0m0.000s

real    0m0.021s
user    0m0.013s
sys     0m0.005s

real    0m0.021s
user    0m0.004s
sys     0m0.014s

real    0m0.023s
user    0m0.000s
sys     0m0.018s

real    0m0.022s
user    0m0.007s
sys     0m0.011s

real    0m0.021s
user    0m0.013s
sys     0m0.005s

real    0m0.022s
user    0m0.004s
sys     0m0.014s

real    0m0.022s
user    0m0.013s
sys     0m0.005s

real    0m0.022s
user    0m0.004s
sys     0m0.015s

real    0m0.022s
user    0m0.011s
sys     0m0.007s

real    0m0.021s
user    0m0.011s
sys     0m0.007s

real    0m0.021s
user    0m0.013s
sys     0m0.005s